#
# A fatal error has been detected by the Java Runtime Environment:
#
#  EXCEPTION_ACCESS_VIOLATION (0xc0000005) at pc=0x00007ffabc37e0a9, pid=14552, tid=13520
#
# JRE version: OpenJDK Runtime Environment Microsoft-8035246 (17.0.8+7) (build 17.0.8+7-LTS)
# Java VM: OpenJDK 64-Bit Server VM Microsoft-8035246 (17.0.8+7-LTS, mixed mode, sharing, tiered, compressed oops, compressed class ptrs, g1 gc, windows-amd64)
# Problematic frame:
# V  [jvm.dll+0x2be0a9]
#
# No core dump will be written. Minidumps are not enabled by default on client versions of Windows
#
# If you would like to submit a bug report, please visit:
#   https://github.com/microsoft/openjdk/issues
#

---------------  S U M M A R Y ------------

Command Line: -XX:MaxMetaspaceSize=512m --add-opens=java.base/java.util=ALL-UNNAMED --add-opens=java.base/java.lang=ALL-UNNAMED --add-opens=java.base/java.lang.invoke=ALL-UNNAMED --add-opens=java.prefs/java.util.prefs=ALL-UNNAMED --add-opens=java.base/java.nio.charset=ALL-UNNAMED --add-opens=java.base/java.net=ALL-UNNAMED --add-opens=java.base/java.util.concurrent.atomic=ALL-UNNAMED -Xmx2048m -Dfile.encoding=windows-1252 -Duser.country=IN -Duser.language=en -Duser.variant -javaagent:C:\Users\rahul\.gradle\wrapper\dists\gradle-8.3-all\6en3ugtfdg5xnpx44z4qbwgas\gradle-8.3\lib\agents\gradle-instrumentation-agent-8.3.jar org.gradle.launcher.daemon.bootstrap.GradleDaemon 8.3

Host: Intel(R) Core(TM) i5-4570 CPU @ 3.20GHz, 4 cores, 15G,  Windows 11 , 64 bit Build 22000 (10.0.22000.2538)
Time: Fri Dec 15 15:49:24 2023 India Standard Time elapsed time: 38.679035 seconds (0d 0h 0m 38s)

---------------  T H R E A D  ---------------

Current thread (0x000002287d003de0):  JavaThread "C2 CompilerThread1" daemon [_thread_in_native, id=13520, stack(0x000000f7b9100000,0x000000f7b9200000)]


Current CompileTask:
C2:  38679 15253   !   4       org.gradle.cache.internal.DefaultMultiProcessSafeIndexedCache::getIfPresent (25 bytes)

Stack: [0x000000f7b9100000,0x000000f7b9200000],  sp=0x000000f7b91fb9e0,  free space=1006k
Native frames: (J=compiled Java code, j=interpreted, Vv=VM code, C=native code)
V  [jvm.dll+0x2be0a9]
V  [jvm.dll+0x21ba8b]
V  [jvm.dll+0x21944b]
V  [jvm.dll+0x1a56b6]
V  [jvm.dll+0x2291ea]
V  [jvm.dll+0x22724c]
V  [jvm.dll+0x7efd0c]
V  [jvm.dll+0x7ea13a]
V  [jvm.dll+0x67ad85]
C  [ucrtbase.dll+0x26c0c]
C  [KERNEL32.DLL+0x153e0]
C  [ntdll.dll+0x485b]


siginfo: EXCEPTION_ACCESS_VIOLATION (0xc0000005), reading address 0x0000000000000028


Register to memory mapping:

RIP=0x00007ffabc37e0a9 jvm.dll
RAX=0x000002287ef6e0c0 points into unknown readable memory: 0x0000000000000000 | 00 00 00 00 00 00 00 00
RBX=0x000000000000179e is an unknown value
RCX=0x0 is NULL
RDX=0x0 is NULL
RSP=0x000000f7b91fb9e0 is pointing into the stack for thread: 0x000002287d003de0
RBP=0x000000f7b91fba50 is pointing into the stack for thread: 0x000002287d003de0
RSI=0x0 is NULL
RDI=0x0000000000000048 is an unknown value
R8 =0x000000000000ffe0 is an unknown value
R9 =0x0 is NULL
R10=0x00007ffb2ac30000 VCRUNTIME140.dll
R11=0x000002287ef6e0e0 points into unknown readable memory: 0x0000000000000000 | 00 00 00 00 00 00 00 00
R12=0x0000000000000050 is an unknown value
R13=0x0 is NULL
R14=0x0 is NULL
R15=0x000000f7b91fec00 is pointing into the stack for thread: 0x000002287d003de0


Registers:
RAX=0x000002287ef6e0c0, RBX=0x000000000000179e, RCX=0x0000000000000000, RDX=0x0000000000000000
RSP=0x000000f7b91fb9e0, RBP=0x000000f7b91fba50, RSI=0x0000000000000000, RDI=0x0000000000000048
R8 =0x000000000000ffe0, R9 =0x0000000000000000, R10=0x00007ffb2ac30000, R11=0x000002287ef6e0e0
R12=0x0000000000000050, R13=0x0000000000000000, R14=0x0000000000000000, R15=0x000000f7b91fec00
RIP=0x00007ffabc37e0a9, EFLAGS=0x0000000000010202

Top of Stack: (sp=0x000000f7b91fb9e0)
0x000000f7b91fb9e0:   000000000000179e 0000000000000000
0x000000f7b91fb9f0:   000000f7b91fec00 00007ffabc2e38d1
0x000000f7b91fba00:   0000022879027b10 00007ffa00002000
0x000000f7b91fba10:   000002287ef6e0c0 0000000000000000
0x000000f7b91fba20:   0000000000000002 000002287bf7d230
0x000000f7b91fba30:   0000000000000002 0000022879027b10
0x000000f7b91fba40:   0000000000000000 0000000000000000
0x000000f7b91fba50:   00000228779b2760 0000022854f77440
0x000000f7b91fba60:   0000000000000048 00007ffabca04c08
0x000000f7b91fba70:   000000f7b91fbb80 00007ffabc2dba8b
0x000000f7b91fba80:   000000f7b91fec00 00007ffabca04c08
0x000000f7b91fba90:   000000f7b91fec00 000000f7b91fbb80
0x000000f7b91fbaa0:   0000022800000000 00007ffabc6db7fb
0x000000f7b91fbab0:   000000f70000000f 000000f7b91fec00
0x000000f7b91fbac0:   000000f7b91fbc30 0000000000000000
0x000000f7b91fbad0:   0000022800000100 00007ffabca04c08 

Instructions: (pc=0x00007ffabc37e0a9)
0x00007ffabc37dfa9:   3b d0 75 0b ff c1 41 3b c9 7c dc 48 8b c2 c3 33
0x00007ffabc37dfb9:   c0 c3 cc cc cc cc cc 48 89 5c 24 18 55 56 57 41
0x00007ffabc37dfc9:   55 41 57 48 8b ec 48 83 ec 70 65 48 8b 04 25 58
0x00007ffabc37dfd9:   00 00 00 48 8b f2 44 8b 05 d2 8b 90 00 4c 8b f9
0x00007ffabc37dfe9:   4a 8b 1c c0 b8 50 00 00 00 80 3c 18 00 75 05 e8
0x00007ffabc37dff9:   8b 6f 5d 00 b8 20 00 00 00 48 8b 04 18 48 8b 98
0x00007ffabc37e009:   38 02 00 00 48 89 5d b0 c7 45 b8 04 00 00 00 48
0x00007ffabc37e019:   8b 43 18 48 83 f8 df 76 18 4c 8d 05 37 a9 65 00
0x00007ffabc37e029:   ba 20 00 00 00 48 8b cb e8 5a eb de ff 48 8b 43
0x00007ffabc37e039:   18 48 8d 48 20 48 3b 4b 20 76 11 45 33 c0 48 8b
0x00007ffabc37e049:   cb 41 8d 50 20 e8 fd e8 de ff eb 04 48 89 4b 18
0x00007ffabc37e059:   44 8b 45 b8 33 d2 49 c1 e0 03 48 8b c8 48 89 45
0x00007ffabc37e069:   c0 e8 e3 80 5d 00 45 33 ed 48 8d 4d d0 44 89 6d
0x00007ffabc37e079:   c8 e8 01 59 56 00 41 8b 9f 40 02 00 00 41 2b 9f
0x00007ffabc37e089:   68 02 00 00 44 89 6d f0 3b 5d b8 72 0b 8b d3 48
0x00007ffabc37e099:   8d 4d b0 e8 6f b3 39 00 48 8b 45 c0 4c 89 2c d8
0x00007ffabc37e0a9:   8b 7e 28 8b df c1 eb 05 3b 5d d0 72 0b 8b d3 48
0x00007ffabc37e0b9:   8d 4d d0 e8 1f 59 56 00 48 8b 45 d8 83 e7 1f 48
0x00007ffabc37e0c9:   8d 14 98 40 0f b6 cf 41 b8 01 00 00 00 41 d3 e0
0x00007ffabc37e0d9:   8b 0a 8b c1 41 0b c0 89 02 41 85 c8 75 21 8b 5d
0x00007ffabc37e0e9:   c8 8d 43 01 89 45 c8 3b 5d b8 72 0b 8b d3 48 8d
0x00007ffabc37e0f9:   4d b0 e8 10 b3 39 00 48 8b 45 c0 48 89 34 d8 44
0x00007ffabc37e109:   39 6d c8 0f 86 77 01 00 00 4c 89 a4 24 a0 00 00
0x00007ffabc37e119:   00 4c 89 b4 24 a8 00 00 00 48 8b 45 c0 41 8b cd
0x00007ffabc37e129:   48 8b 34 c8 8b 46 2c 25 ff 1f 00 00 3d 04 10 00
0x00007ffabc37e139:   00 0f 85 a7 00 00 00 bb 01 00 00 00 39 5e 18 76
0x00007ffabc37e149:   39 66 0f 1f 44 00 00 48 8b 46 08 8b cb 48 8b 14
0x00007ffabc37e159:   c8 48 85 d2 74 1d 48 83 7a 10 00 74 16 80 7a 2c
0x00007ffabc37e169:   84 74 10 e8 7f 7e ee ff 48 8b d0 49 8b cf e8 a4
0x00007ffabc37e179:   61 f6 ff ff c3 3b 5e 18 72 cd 48 8b 5e 10 8b 46
0x00007ffabc37e189:   20 4c 8d 34 c3 49 3b de 73 54 48 8b 3b 8b 47 2c
0x00007ffabc37e199:   83 e0 03 3c 03 75 2e 48 8b 07 48 8b cf ff 90 88 


Stack slot to memory mapping:
stack at sp + 0 slots: 0x000000000000179e is an unknown value
stack at sp + 1 slots: 0x0 is NULL
stack at sp + 2 slots: 0x000000f7b91fec00 is pointing into the stack for thread: 0x000002287d003de0
stack at sp + 3 slots: 0x00007ffabc2e38d1 jvm.dll
stack at sp + 4 slots: 0x0000022879027b10 points into unknown readable memory: 0x72646e6100000006 | 06 00 00 00 61 6e 64 72
stack at sp + 5 slots: 0x00007ffa00002000 is an unknown value
stack at sp + 6 slots: 0x000002287ef6e0c0 points into unknown readable memory: 0x0000000000000000 | 00 00 00 00 00 00 00 00
stack at sp + 7 slots: 0x0 is NULL


---------------  P R O C E S S  ---------------

Threads class SMR info:
_java_thread_list=0x000002287d837620, length=95, elements={
0x0000022854f5e3f0, 0x0000022872b583f0, 0x0000022872b59270, 0x0000022872b71110,
0x0000022872b72c40, 0x0000022872b73600, 0x0000022872b73fc0, 0x0000022872b74d60,
0x0000022872b8b110, 0x0000022877010060, 0x00000228770ecf00, 0x00000228771bb970,
0x0000022877f56040, 0x0000022877ed0170, 0x0000022878072fc0, 0x0000022877e8d480,
0x00000228791e32a0, 0x0000022877f53ee0, 0x0000022877f543f0, 0x0000022877f55320,
0x0000022877f52590, 0x0000022877f52aa0, 0x0000022877f52fb0, 0x0000022877f534c0,
0x0000022877f54900, 0x0000022877f54e10, 0x0000022877f55830, 0x0000022877f52080,
0x000002287ab23010, 0x000002287ab1f350, 0x000002287ab220e0, 0x000002287ab21bd0,
0x000002287ab23520, 0x000002287ab23f40, 0x000002287ab24450, 0x000002287ab225f0,
0x000002287ab24960, 0x000002287ab25890, 0x000002287ab22b00, 0x000002287ab24e70,
0x000002287ab25380, 0x000002287ab1e420, 0x000002287ab25da0, 0x000002287ab20280,
0x000002287ab216c0, 0x000002287ab1e930, 0x000002287ab1fd70, 0x000002287ab20790,
0x000002287ab20ca0, 0x000002287c320340, 0x000002287c31f920, 0x000002287c31fe30,
0x000002287c3221a0, 0x000002287c324000, 0x000002287c324a20, 0x000002287c321c90,
0x000002287c320850, 0x000002287c3226b0, 0x000002287c322bc0, 0x000002287c3230d0,
0x000002287c31dac0, 0x000002287c323af0, 0x000002287c321780, 0x000002287c321270,
0x000002287c3235e0, 0x000002287c324510, 0x000002287c31ef00, 0x000002287c31f410,
0x000002287ac81a80, 0x000002287ac824a0, 0x000002287ac81570, 0x000002287ac87ab0,
0x000002287ac829b0, 0x000002287ac86b80, 0x000002287ac85230, 0x000002287ac85740,
0x000002287d003de0, 0x000002287ac87fc0, 0x000002287ac86160, 0x000002287ac889e0,
0x000002287ac84d20, 0x000002287ac86670, 0x0000022877f539d0, 0x000002287dbb0ce0,
0x000002287dbb1700, 0x000002287dbafdb0, 0x000002287dbaf390, 0x000002287dbb02c0,
0x000002287dbb11f0, 0x000002287dbadf50, 0x000002287dbae460, 0x000002287dbae970,
0x000002287dbaee80, 0x000002287dbb07d0, 0x000002287ef2c6b0
}

Java Threads: ( => current thread )
  0x0000022854f5e3f0 JavaThread "main" [_thread_blocked, id=10148, stack(0x000000f7b4a00000,0x000000f7b4b00000)]
  0x0000022872b583f0 JavaThread "Reference Handler" daemon [_thread_blocked, id=8088, stack(0x000000f7b5100000,0x000000f7b5200000)]
  0x0000022872b59270 JavaThread "Finalizer" daemon [_thread_blocked, id=1200, stack(0x000000f7b5200000,0x000000f7b5300000)]
  0x0000022872b71110 JavaThread "Signal Dispatcher" daemon [_thread_blocked, id=6164, stack(0x000000f7b5300000,0x000000f7b5400000)]
  0x0000022872b72c40 JavaThread "Attach Listener" daemon [_thread_blocked, id=10188, stack(0x000000f7b5400000,0x000000f7b5500000)]
  0x0000022872b73600 JavaThread "Service Thread" daemon [_thread_blocked, id=14928, stack(0x000000f7b5500000,0x000000f7b5600000)]
  0x0000022872b73fc0 JavaThread "Monitor Deflation Thread" daemon [_thread_blocked, id=11880, stack(0x000000f7b5600000,0x000000f7b5700000)]
  0x0000022872b74d60 JavaThread "C2 CompilerThread0" daemon [_thread_in_native, id=5556, stack(0x000000f7b5700000,0x000000f7b5800000)]
  0x0000022872b8b110 JavaThread "C1 CompilerThread0" daemon [_thread_blocked, id=13496, stack(0x000000f7b5800000,0x000000f7b5900000)]
  0x0000022877010060 JavaThread "Sweeper thread" daemon [_thread_blocked, id=10668, stack(0x000000f7b5900000,0x000000f7b5a00000)]
  0x00000228770ecf00 JavaThread "Common-Cleaner" daemon [_thread_blocked, id=9800, stack(0x000000f7b5a00000,0x000000f7b5b00000)]
  0x00000228771bb970 JavaThread "Notification Thread" daemon [_thread_blocked, id=14760, stack(0x000000f7b5b00000,0x000000f7b5c00000)]
  0x0000022877f56040 JavaThread "Daemon health stats" [_thread_blocked, id=5632, stack(0x000000f7b6100000,0x000000f7b6200000)]
  0x0000022877ed0170 JavaThread "Incoming local TCP Connector on port 54005" [_thread_in_native, id=11628, stack(0x000000f7b6200000,0x000000f7b6300000)]
  0x0000022878072fc0 JavaThread "Daemon periodic checks" [_thread_blocked, id=7784, stack(0x000000f7b6300000,0x000000f7b6400000)]
  0x0000022877e8d480 JavaThread "Daemon" [_thread_blocked, id=14852, stack(0x000000f7b6400000,0x000000f7b6500000)]
  0x00000228791e32a0 JavaThread "Handler for socket connection from /127.0.0.1:54005 to /127.0.0.1:54006" [_thread_in_native, id=3832, stack(0x000000f7b6500000,0x000000f7b6600000)]
  0x0000022877f53ee0 JavaThread "Cancel handler" [_thread_blocked, id=14120, stack(0x000000f7b6600000,0x000000f7b6700000)]
  0x0000022877f543f0 JavaThread "Daemon worker" [_thread_blocked, id=7972, stack(0x000000f7b6700000,0x000000f7b6800000)]
  0x0000022877f55320 JavaThread "Asynchronous log dispatcher for DefaultDaemonConnection: socket connection from /127.0.0.1:54005 to /127.0.0.1:54006" [_thread_blocked, id=9984, stack(0x000000f7b6800000,0x000000f7b6900000)]
  0x0000022877f52590 JavaThread "Stdin handler" [_thread_blocked, id=6124, stack(0x000000f7b6900000,0x000000f7b6a00000)]
  0x0000022877f52aa0 JavaThread "Daemon client event forwarder" [_thread_blocked, id=6364, stack(0x000000f7b6a00000,0x000000f7b6b00000)]
  0x0000022877f52fb0 JavaThread "Cache worker for journal cache (C:\Users\rahul\.gradle\caches\journal-1)" [_thread_blocked, id=15048, stack(0x000000f7b6b00000,0x000000f7b6c00000)]
  0x0000022877f534c0 JavaThread "File lock request listener" [_thread_in_native, id=12864, stack(0x000000f7b6c00000,0x000000f7b6d00000)]
  0x0000022877f54900 JavaThread "Cache worker for file hash cache (C:\Users\rahul\.gradle\caches\8.3\fileHashes)" [_thread_in_Java, id=12684, stack(0x000000f7b6d00000,0x000000f7b6e00000)]
  0x0000022877f54e10 JavaThread "File watcher server" daemon [_thread_in_native, id=13776, stack(0x000000f7b6e00000,0x000000f7b6f00000)]
  0x0000022877f55830 JavaThread "File watcher consumer" daemon [_thread_blocked, id=14608, stack(0x000000f7b6f00000,0x000000f7b7000000)]
  0x0000022877f52080 JavaThread "Cache worker for checksums cache (C:\Users\rahul\Desktop\amazonClone\clients\android\.gradle\8.3\checksums)" [_thread_blocked, id=12292, stack(0x000000f7b7000000,0x000000f7b7100000)]
  0x000002287ab23010 JavaThread "Cache worker for file hash cache (C:\Users\rahul\Desktop\amazonClone\clients\android\.gradle\8.3\fileHashes)" [_thread_blocked, id=13972, stack(0x000000f7b7100000,0x000000f7b7200000)]
  0x000002287ab1f350 JavaThread "Cache worker for cache directory md-supplier (C:\Users\rahul\.gradle\caches\8.3\md-supplier)" [_thread_blocked, id=8764, stack(0x000000f7b7200000,0x000000f7b7300000)]
  0x000002287ab220e0 JavaThread "Cache worker for file content cache (C:\Users\rahul\.gradle\caches\8.3\fileContent)" [_thread_blocked, id=14560, stack(0x000000f7b7300000,0x000000f7b7400000)]
  0x000002287ab21bd0 JavaThread "Cache worker for cache directory md-rule (C:\Users\rahul\.gradle\caches\8.3\md-rule)" [_thread_blocked, id=12476, stack(0x000000f7b7400000,0x000000f7b7500000)]
  0x000002287ab23520 JavaThread "Cache worker for execution history cache (C:\Users\rahul\.gradle\caches\8.3\executionHistory)" [_thread_blocked, id=9276, stack(0x000000f7b5d00000,0x000000f7b5e00000)]
  0x000002287ab23f40 JavaThread "jar transforms" [_thread_blocked, id=13100, stack(0x000000f7b7800000,0x000000f7b7900000)]
  0x000002287ab24450 JavaThread "jar transforms Thread 2" [_thread_blocked, id=13260, stack(0x000000f7b7900000,0x000000f7b7a00000)]
  0x000002287ab225f0 JavaThread "jar transforms Thread 3" [_thread_blocked, id=5840, stack(0x000000f7b7a00000,0x000000f7b7b00000)]
  0x000002287ab24960 JavaThread "jar transforms Thread 4" [_thread_blocked, id=14836, stack(0x000000f7b7b00000,0x000000f7b7c00000)]
  0x000002287ab25890 JavaThread "Cache worker for kotlin-dsl (C:\Users\rahul\.gradle\caches\8.3\kotlin-dsl)" [_thread_blocked, id=860, stack(0x000000f7b7c00000,0x000000f7b7d00000)]
  0x000002287ab22b00 JavaThread "Unconstrained build operations" [_thread_blocked, id=9468, stack(0x000000f7b7500000,0x000000f7b7600000)]
  0x000002287ab24e70 JavaThread "Unconstrained build operations Thread 2" [_thread_blocked, id=14176, stack(0x000000f7b7e00000,0x000000f7b7f00000)]
  0x000002287ab25380 JavaThread "Cache worker for dependencies-accessors (C:\Users\rahul\Desktop\amazonClone\clients\android\.gradle\8.3\dependencies-accessors)" [_thread_blocked, id=12676, stack(0x000000f7b8000000,0x000000f7b8100000)]
  0x000002287ab1e420 JavaThread "Cache worker for Build Output Cleanup Cache (C:\Users\rahul\Desktop\amazonClone\clients\node_modules\@react-native\gradle-plugin\.gradle\buildOutputCleanup)" [_thread_blocked, id=7920, stack(0x000000f7b8100000,0x000000f7b8200000)]
  0x000002287ab25da0 JavaThread "Unconstrained build operations Thread 3" [_thread_blocked, id=12840, stack(0x000000f7b8200000,0x000000f7b8300000)]
  0x000002287ab20280 JavaThread "Unconstrained build operations Thread 4" [_thread_blocked, id=6520, stack(0x000000f7b8300000,0x000000f7b8400000)]
  0x000002287ab216c0 JavaThread "Unconstrained build operations Thread 5" [_thread_blocked, id=13876, stack(0x000000f7b8400000,0x000000f7b8500000)]
  0x000002287ab1e930 JavaThread "Memory manager" [_thread_blocked, id=9620, stack(0x000000f7b8500000,0x000000f7b8600000)]
  0x000002287ab1fd70 JavaThread "Cache worker for Build Output Cleanup Cache (C:\Users\rahul\Desktop\amazonClone\clients\android\.gradle\buildOutputCleanup)" [_thread_blocked, id=12760, stack(0x000000f7b7f00000,0x000000f7b8000000)]
  0x000002287ab20790 JavaThread "ForkJoinPool.commonPool-worker-1" daemon [_thread_blocked, id=10568, stack(0x000000f7b8700000,0x000000f7b8800000)]
  0x000002287ab20ca0 JavaThread "ForkJoinPool.commonPool-worker-2" daemon [_thread_blocked, id=11484, stack(0x000000f7b8800000,0x000000f7b8900000)]
  0x000002287c320340 JavaThread "ForkJoinPool.commonPool-worker-3" daemon [_thread_blocked, id=1256, stack(0x000000f7b8900000,0x000000f7b8a00000)]
  0x000002287c31f920 JavaThread "Exec process" [_thread_blocked, id=8024, stack(0x000000f7b8a00000,0x000000f7b8b00000)]
  0x000002287c31fe30 JavaThread "Exec process Thread 2" [_thread_blocked, id=11704, stack(0x000000f7b8b00000,0x000000f7b8c00000)]
  0x000002287c3221a0 JavaThread "Exec process Thread 3" [_thread_blocked, id=7564, stack(0x000000f7b8c00000,0x000000f7b8d00000)]
  0x000002287c324000 JavaThread "included builds" [_thread_blocked, id=9296, stack(0x000000f7b8600000,0x000000f7b8700000)]
  0x000002287c324a20 JavaThread "Execution worker" [_thread_blocked, id=1044, stack(0x000000f7b8d00000,0x000000f7b8e00000)]
  0x000002287c321c90 JavaThread "Execution worker Thread 2" [_thread_blocked, id=5720, stack(0x000000f7b8e00000,0x000000f7b8f00000)]
  0x000002287c320850 JavaThread "Execution worker Thread 3" [_thread_blocked, id=2700, stack(0x000000f7b8f00000,0x000000f7b9000000)]
  0x000002287c3226b0 JavaThread "Cache worker for execution history cache (C:\Users\rahul\Desktop\amazonClone\clients\node_modules\@react-native\gradle-plugin\.gradle\8.3\executionHistory)" [_thread_blocked, id=6676, stack(0x000000f7b9000000,0x000000f7b9100000)]
  0x000002287c322bc0 JavaThread "Unconstrained build operations Thread 6" [_thread_blocked, id=9660, stack(0x000000f7b9200000,0x000000f7b9300000)]
  0x000002287c3230d0 JavaThread "Unconstrained build operations Thread 7" [_thread_blocked, id=11364, stack(0x000000f7b9300000,0x000000f7b9400000)]
  0x000002287c31dac0 JavaThread "Unconstrained build operations Thread 8" [_thread_blocked, id=7900, stack(0x000000f7b9400000,0x000000f7b9500000)]
  0x000002287c323af0 JavaThread "Unconstrained build operations Thread 9" [_thread_blocked, id=10676, stack(0x000000f7b9500000,0x000000f7b9600000)]
  0x000002287c321780 JavaThread "Unconstrained build operations Thread 10" [_thread_blocked, id=14844, stack(0x000000f7b9600000,0x000000f7b9700000)]
  0x000002287c321270 JavaThread "Unconstrained build operations Thread 11" [_thread_blocked, id=13764, stack(0x000000f7b9700000,0x000000f7b9800000)]
  0x000002287c3235e0 JavaThread "Unconstrained build operations Thread 12" [_thread_in_native, id=3076, stack(0x000000f7b9800000,0x000000f7b9900000)]
  0x000002287c324510 JavaThread "Unconstrained build operations Thread 13" [_thread_blocked, id=10076, stack(0x000000f7b9900000,0x000000f7b9a00000)]
  0x000002287c31ef00 JavaThread "Unconstrained build operations Thread 14" [_thread_blocked, id=14428, stack(0x000000f7b9a00000,0x000000f7b9b00000)]
  0x000002287c31f410 JavaThread "Unconstrained build operations Thread 15" [_thread_blocked, id=14548, stack(0x000000f7b9b00000,0x000000f7b9c00000)]
  0x000002287ac81a80 JavaThread "Unconstrained build operations Thread 16" [_thread_blocked, id=11452, stack(0x000000f7b9c00000,0x000000f7b9d00000)]
  0x000002287ac824a0 JavaThread "Unconstrained build operations Thread 17" [_thread_blocked, id=10300, stack(0x000000f7b9f00000,0x000000f7ba000000)]
  0x000002287ac81570 JavaThread "Unconstrained build operations Thread 18" [_thread_blocked, id=14284, stack(0x000000f7ba000000,0x000000f7ba100000)]
  0x000002287ac87ab0 JavaThread "Unconstrained build operations Thread 19" [_thread_blocked, id=6600, stack(0x000000f7ba100000,0x000000f7ba200000)]
  0x000002287ac829b0 JavaThread "Unconstrained build operations Thread 20" [_thread_blocked, id=14684, stack(0x000000f7ba200000,0x000000f7ba300000)]
  0x000002287ac86b80 JavaThread "Unconstrained build operations Thread 21" [_thread_blocked, id=10652, stack(0x000000f7ba300000,0x000000f7ba400000)]
  0x000002287ac85230 JavaThread "Unconstrained build operations Thread 22" [_thread_blocked, id=15076, stack(0x000000f7ba400000,0x000000f7ba500000)]
  0x000002287ac85740 JavaThread "Unconstrained build operations Thread 23" [_thread_blocked, id=1660, stack(0x000000f7ba500000,0x000000f7ba600000)]
=>0x000002287d003de0 JavaThread "C2 CompilerThread1" daemon [_thread_in_native, id=13520, stack(0x000000f7b9100000,0x000000f7b9200000)]
  0x000002287ac87fc0 JavaThread "Unconstrained build operations Thread 24" [_thread_blocked, id=6224, stack(0x000000f7ba600000,0x000000f7ba700000)]
  0x000002287ac86160 JavaThread "Unconstrained build operations Thread 25" [_thread_blocked, id=10600, stack(0x000000f7ba700000,0x000000f7ba800000)]
  0x000002287ac889e0 JavaThread "Unconstrained build operations Thread 26" [_thread_blocked, id=11604, stack(0x000000f7ba800000,0x000000f7ba900000)]
  0x000002287ac84d20 JavaThread "Unconstrained build operations Thread 27" [_thread_blocked, id=6468, stack(0x000000f7ba900000,0x000000f7baa00000)]
  0x000002287ac86670 JavaThread "Unconstrained build operations Thread 28" [_thread_blocked, id=11872, stack(0x000000f7baa00000,0x000000f7bab00000)]
  0x0000022877f539d0 JavaThread "Unconstrained build operations Thread 29" [_thread_blocked, id=3840, stack(0x000000f7bab00000,0x000000f7bac00000)]
  0x000002287dbb0ce0 JavaThread "Unconstrained build operations Thread 30" [_thread_blocked, id=13524, stack(0x000000f7bac00000,0x000000f7bad00000)]
  0x000002287dbb1700 JavaThread "Unconstrained build operations Thread 31" [_thread_blocked, id=4748, stack(0x000000f7bad00000,0x000000f7bae00000)]
  0x000002287dbafdb0 JavaThread "Unconstrained build operations Thread 32" [_thread_blocked, id=14984, stack(0x000000f7bae00000,0x000000f7baf00000)]
  0x000002287dbaf390 JavaThread "Unconstrained build operations Thread 33" [_thread_blocked, id=12528, stack(0x000000f7baf00000,0x000000f7bb000000)]
  0x000002287dbb02c0 JavaThread "Unconstrained build operations Thread 34" [_thread_blocked, id=13928, stack(0x000000f7bb000000,0x000000f7bb100000)]
  0x000002287dbb11f0 JavaThread "Unconstrained build operations Thread 35" [_thread_blocked, id=3484, stack(0x000000f7bb100000,0x000000f7bb200000)]
  0x000002287dbadf50 JavaThread "Unconstrained build operations Thread 36" [_thread_blocked, id=15204, stack(0x000000f7bb200000,0x000000f7bb300000)]
  0x000002287dbae460 JavaThread "Unconstrained build operations Thread 37" [_thread_blocked, id=8164, stack(0x000000f7bb300000,0x000000f7bb400000)]
  0x000002287dbae970 JavaThread "Unconstrained build operations Thread 38" [_thread_blocked, id=14888, stack(0x000000f7bb400000,0x000000f7bb500000)]
  0x000002287dbaee80 JavaThread "Unconstrained build operations Thread 39" [_thread_blocked, id=12232, stack(0x000000f7bb500000,0x000000f7bb600000)]
  0x000002287dbb07d0 JavaThread "Unconstrained build operations Thread 40" [_thread_blocked, id=9480, stack(0x000000f7bb600000,0x000000f7bb700000)]
  0x000002287ef2c6b0 JavaThread "Cache worker for execution history cache (C:\Users\rahul\Desktop\amazonClone\clients\android\.gradle\8.3\executionHistory)" [_thread_blocked, id=14696, stack(0x000000f7bb700000,0x000000f7bb800000)]

Other Threads:
  0x0000022872b54c30 VMThread "VM Thread" [stack: 0x000000f7b5000000,0x000000f7b5100000] [id=15296]
  0x0000022854fd7450 WatcherThread [stack: 0x000000f7b5c00000,0x000000f7b5d00000] [id=9488]
  0x0000022854fbc600 GCTaskThread "GC Thread#0" [stack: 0x000000f7b4b00000,0x000000f7b4c00000] [id=9332]
  0x00000228772e9ed0 GCTaskThread "GC Thread#1" [stack: 0x000000f7b5e00000,0x000000f7b5f00000] [id=2276]
  0x00000228773fe430 GCTaskThread "GC Thread#2" [stack: 0x000000f7b5f00000,0x000000f7b6000000] [id=7044]
  0x00000228773fe6f0 GCTaskThread "GC Thread#3" [stack: 0x000000f7b6000000,0x000000f7b6100000] [id=6556]
  0x0000022854fcd550 ConcurrentGCThread "G1 Main Marker" [stack: 0x000000f7b4c00000,0x000000f7b4d00000] [id=14184]
  0x0000022854fce700 ConcurrentGCThread "G1 Conc#0" [stack: 0x000000f7b4d00000,0x000000f7b4e00000] [id=13328]
  0x000002285501eaa0 ConcurrentGCThread "G1 Refine#0" [stack: 0x000000f7b4e00000,0x000000f7b4f00000] [id=2508]
  0x000002287b4e0ce0 ConcurrentGCThread "G1 Refine#1" [stack: 0x000000f7b7600000,0x000000f7b7700000] [id=14504]
  0x000002287bf5bde0 ConcurrentGCThread "G1 Refine#2" [stack: 0x000000f7b7700000,0x000000f7b7800000] [id=11536]
  0x0000022872a0eaa0 ConcurrentGCThread "G1 Service" [stack: 0x000000f7b4f00000,0x000000f7b5000000] [id=5768]

Threads with active compile tasks:
C2 CompilerThread1    38747 15253   !   4       org.gradle.cache.internal.DefaultMultiProcessSafeIndexedCache::getIfPresent (25 bytes)

VM state: not at safepoint (normal execution)

VM Mutex/Monitor currently owned by a thread: None

Heap address: 0x0000000080000000, size: 2048 MB, Compressed Oops mode: 32-bit

CDS archive(s) mapped at: [0x0000022800000000-0x0000022800bd0000-0x0000022800bd0000), size 12386304, SharedBaseAddress: 0x0000022800000000, ArchiveRelocationMode: 1.
Compressed class space mapped at: 0x0000022801000000-0x000002281b000000, reserved size: 436207616
Narrow klass base: 0x0000022800000000, Narrow klass shift: 0, Narrow klass range: 0x100000000

GC Precious Log:
 CPUs: 4 total, 4 available
 Memory: 16177M
 Large Page Support: Disabled
 NUMA Support: Disabled
 Compressed Oops: Enabled (32-bit)
 Heap Region Size: 1M
 Heap Min Capacity: 8M
 Heap Initial Capacity: 254M
 Heap Max Capacity: 2G
 Pre-touch: Disabled
 Parallel Workers: 4
 Concurrent Workers: 1
 Concurrent Refinement Workers: 4
 Periodic GC: Disabled

Heap:
 garbage-first heap   total 263168K, used 189453K [0x0000000080000000, 0x0000000100000000)
  region size 1024K, 38 young (38912K), 7 survivors (7168K)
 Metaspace       used 104420K, committed 105408K, reserved 557056K
  class space    used 14505K, committed 14976K, reserved 425984K

Heap Regions: E=young(eden), S=young(survivor), O=old, HS=humongous(starts), HC=humongous(continues), CS=collection set, F=free, OA=open archive, CA=closed archive, TAMS=top-at-mark-start (previous, next)
|   0|0x0000000080000000, 0x0000000080100000, 0x0000000080100000|100%| O|  |TAMS 0x0000000080100000, 0x0000000080000000| Untracked 
|   1|0x0000000080100000, 0x0000000080200000, 0x0000000080200000|100%| O|  |TAMS 0x0000000080200000, 0x0000000080100000| Untracked 
|   2|0x0000000080200000, 0x0000000080300000, 0x0000000080300000|100%|HS|  |TAMS 0x0000000080300000, 0x0000000080200000| Complete 
|   3|0x0000000080300000, 0x0000000080400000, 0x0000000080400000|100%|HC|  |TAMS 0x0000000080400000, 0x0000000080300000| Complete 
|   4|0x0000000080400000, 0x0000000080500000, 0x0000000080500000|100%|HC|  |TAMS 0x0000000080500000, 0x0000000080400000| Complete 
|   5|0x0000000080500000, 0x0000000080600000, 0x0000000080600000|100%|HC|  |TAMS 0x0000000080600000, 0x0000000080500000| Complete 
|   6|0x0000000080600000, 0x0000000080700000, 0x0000000080700000|100%| O|  |TAMS 0x0000000080700000, 0x0000000080600000| Untracked 
|   7|0x0000000080700000, 0x0000000080800000, 0x0000000080800000|100%| O|  |TAMS 0x0000000080800000, 0x0000000080700000| Untracked 
|   8|0x0000000080800000, 0x0000000080900000, 0x0000000080900000|100%| O|  |TAMS 0x0000000080900000, 0x0000000080800000| Untracked 
|   9|0x0000000080900000, 0x0000000080a00000, 0x0000000080a00000|100%| O|  |TAMS 0x0000000080a00000, 0x0000000080900000| Untracked 
|  10|0x0000000080a00000, 0x0000000080b00000, 0x0000000080b00000|100%| O|  |TAMS 0x0000000080b00000, 0x0000000080a00000| Untracked 
|  11|0x0000000080b00000, 0x0000000080c00000, 0x0000000080c00000|100%| O|  |TAMS 0x0000000080c00000, 0x0000000080b00000| Untracked 
|  12|0x0000000080c00000, 0x0000000080d00000, 0x0000000080d00000|100%| O|  |TAMS 0x0000000080d00000, 0x0000000080c00000| Untracked 
|  13|0x0000000080d00000, 0x0000000080e00000, 0x0000000080e00000|100%| O|  |TAMS 0x0000000080e00000, 0x0000000080d00000| Untracked 
|  14|0x0000000080e00000, 0x0000000080f00000, 0x0000000080f00000|100%| O|  |TAMS 0x0000000080f00000, 0x0000000080e00000| Untracked 
|  15|0x0000000080f00000, 0x0000000081000000, 0x0000000081000000|100%| O|  |TAMS 0x0000000081000000, 0x0000000080f00000| Untracked 
|  16|0x0000000081000000, 0x0000000081100000, 0x0000000081100000|100%| O|  |TAMS 0x0000000081100000, 0x0000000081000000| Untracked 
|  17|0x0000000081100000, 0x0000000081200000, 0x0000000081200000|100%| O|  |TAMS 0x0000000081200000, 0x0000000081100000| Untracked 
|  18|0x0000000081200000, 0x0000000081300000, 0x0000000081300000|100%| O|  |TAMS 0x0000000081300000, 0x0000000081200000| Untracked 
|  19|0x0000000081300000, 0x0000000081400000, 0x0000000081400000|100%| O|  |TAMS 0x0000000081400000, 0x0000000081300000| Untracked 
|  20|0x0000000081400000, 0x0000000081500000, 0x0000000081500000|100%| O|  |TAMS 0x0000000081500000, 0x0000000081400000| Untracked 
|  21|0x0000000081500000, 0x0000000081600000, 0x0000000081600000|100%| O|  |TAMS 0x0000000081600000, 0x0000000081500000| Untracked 
|  22|0x0000000081600000, 0x0000000081700000, 0x0000000081700000|100%| O|  |TAMS 0x0000000081700000, 0x0000000081600000| Untracked 
|  23|0x0000000081700000, 0x0000000081800000, 0x0000000081800000|100%| O|  |TAMS 0x0000000081800000, 0x0000000081700000| Untracked 
|  24|0x0000000081800000, 0x0000000081900000, 0x0000000081900000|100%| O|  |TAMS 0x0000000081900000, 0x0000000081800000| Untracked 
|  25|0x0000000081900000, 0x0000000081a00000, 0x0000000081a00000|100%| O|  |TAMS 0x0000000081a00000, 0x0000000081900000| Untracked 
|  26|0x0000000081a00000, 0x0000000081b00000, 0x0000000081b00000|100%| O|  |TAMS 0x0000000081b00000, 0x0000000081a00000| Untracked 
|  27|0x0000000081b00000, 0x0000000081c00000, 0x0000000081c00000|100%| O|  |TAMS 0x0000000081c00000, 0x0000000081b00000| Untracked 
|  28|0x0000000081c00000, 0x0000000081d00000, 0x0000000081d00000|100%| O|  |TAMS 0x0000000081d00000, 0x0000000081c00000| Untracked 
|  29|0x0000000081d00000, 0x0000000081e00000, 0x0000000081e00000|100%| O|  |TAMS 0x0000000081e00000, 0x0000000081d00000| Untracked 
|  30|0x0000000081e00000, 0x0000000081f00000, 0x0000000081f00000|100%| O|  |TAMS 0x0000000081f00000, 0x0000000081e00000| Untracked 
|  31|0x0000000081f00000, 0x0000000082000000, 0x0000000082000000|100%| O|  |TAMS 0x0000000082000000, 0x0000000081f00000| Untracked 
|  32|0x0000000082000000, 0x0000000082100000, 0x0000000082100000|100%| O|  |TAMS 0x0000000082100000, 0x0000000082000000| Untracked 
|  33|0x0000000082100000, 0x0000000082200000, 0x0000000082200000|100%| O|  |TAMS 0x0000000082200000, 0x0000000082100000| Untracked 
|  34|0x0000000082200000, 0x0000000082300000, 0x0000000082300000|100%| O|  |TAMS 0x0000000082300000, 0x0000000082200000| Untracked 
|  35|0x0000000082300000, 0x0000000082400000, 0x0000000082400000|100%| O|  |TAMS 0x0000000082400000, 0x0000000082300000| Untracked 
|  36|0x0000000082400000, 0x0000000082500000, 0x0000000082500000|100%| O|  |TAMS 0x0000000082500000, 0x0000000082400000| Untracked 
|  37|0x0000000082500000, 0x0000000082600000, 0x0000000082600000|100%| O|  |TAMS 0x0000000082600000, 0x0000000082500000| Untracked 
|  38|0x0000000082600000, 0x0000000082700000, 0x0000000082700000|100%|HS|  |TAMS 0x0000000082700000, 0x0000000082600000| Complete 
|  39|0x0000000082700000, 0x0000000082800000, 0x0000000082800000|100%|HC|  |TAMS 0x0000000082800000, 0x0000000082700000| Complete 
|  40|0x0000000082800000, 0x0000000082900000, 0x0000000082900000|100%|HS|  |TAMS 0x0000000082900000, 0x0000000082800000| Complete 
|  41|0x0000000082900000, 0x0000000082a00000, 0x0000000082a00000|100%|HC|  |TAMS 0x0000000082a00000, 0x0000000082900000| Complete 
|  42|0x0000000082a00000, 0x0000000082b00000, 0x0000000082b00000|100%|HS|  |TAMS 0x0000000082b00000, 0x0000000082a00000| Complete 
|  43|0x0000000082b00000, 0x0000000082c00000, 0x0000000082c00000|100%|HC|  |TAMS 0x0000000082c00000, 0x0000000082b00000| Complete 
|  44|0x0000000082c00000, 0x0000000082d00000, 0x0000000082d00000|100%|HC|  |TAMS 0x0000000082d00000, 0x0000000082c00000| Complete 
|  45|0x0000000082d00000, 0x0000000082e00000, 0x0000000082e00000|100%|HC|  |TAMS 0x0000000082e00000, 0x0000000082d00000| Complete 
|  46|0x0000000082e00000, 0x0000000082f00000, 0x0000000082f00000|100%| O|  |TAMS 0x0000000082f00000, 0x0000000082e00000| Untracked 
|  47|0x0000000082f00000, 0x0000000083000000, 0x0000000083000000|100%| O|  |TAMS 0x0000000083000000, 0x0000000082f00000| Untracked 
|  48|0x0000000083000000, 0x0000000083100000, 0x0000000083100000|100%|HS|  |TAMS 0x0000000083100000, 0x0000000083000000| Complete 
|  49|0x0000000083100000, 0x0000000083200000, 0x0000000083200000|100%|HC|  |TAMS 0x0000000083200000, 0x0000000083100000| Complete 
|  50|0x0000000083200000, 0x0000000083300000, 0x0000000083300000|100%|HC|  |TAMS 0x0000000083300000, 0x0000000083200000| Complete 
|  51|0x0000000083300000, 0x0000000083400000, 0x0000000083400000|100%|HC|  |TAMS 0x0000000083400000, 0x0000000083300000| Complete 
|  52|0x0000000083400000, 0x0000000083500000, 0x0000000083500000|100%| O|  |TAMS 0x0000000083500000, 0x0000000083400000| Untracked 
|  53|0x0000000083500000, 0x0000000083600000, 0x0000000083600000|100%| O|  |TAMS 0x0000000083600000, 0x0000000083500000| Untracked 
|  54|0x0000000083600000, 0x0000000083700000, 0x0000000083700000|100%| O|  |TAMS 0x0000000083700000, 0x0000000083600000| Untracked 
|  55|0x0000000083700000, 0x0000000083800000, 0x0000000083800000|100%|HS|  |TAMS 0x0000000083700000, 0x0000000083700000| Complete 
|  56|0x0000000083800000, 0x0000000083900000, 0x0000000083900000|100%| O|  |TAMS 0x0000000083856c00, 0x0000000083800000| Untracked 
|  57|0x0000000083900000, 0x0000000083a00000, 0x0000000083a00000|100%| O|  |TAMS 0x0000000083900000, 0x0000000083900000| Untracked 
|  58|0x0000000083a00000, 0x0000000083b00000, 0x0000000083b00000|100%| O|  |TAMS 0x0000000083a00000, 0x0000000083a00000| Untracked 
|  59|0x0000000083b00000, 0x0000000083c00000, 0x0000000083c00000|100%| O|  |TAMS 0x0000000083b00000, 0x0000000083b00000| Untracked 
|  60|0x0000000083c00000, 0x0000000083d00000, 0x0000000083d00000|100%| O|  |TAMS 0x0000000083c00000, 0x0000000083c00000| Untracked 
|  61|0x0000000083d00000, 0x0000000083e00000, 0x0000000083e00000|100%|HS|  |TAMS 0x0000000083d00000, 0x0000000083d00000| Complete 
|  62|0x0000000083e00000, 0x0000000083f00000, 0x0000000083f00000|100%|HS|  |TAMS 0x0000000083e00000, 0x0000000083e00000| Complete 
|  63|0x0000000083f00000, 0x0000000084000000, 0x0000000084000000|100%| O|  |TAMS 0x0000000083f00000, 0x0000000083f00000| Untracked 
|  64|0x0000000084000000, 0x0000000084100000, 0x0000000084100000|100%|HS|  |TAMS 0x0000000084000000, 0x0000000084000000| Complete 
|  65|0x0000000084100000, 0x0000000084200000, 0x0000000084200000|100%| O|  |TAMS 0x0000000084100000, 0x0000000084100000| Untracked 
|  66|0x0000000084200000, 0x0000000084300000, 0x0000000084300000|100%| O|  |TAMS 0x0000000084200000, 0x0000000084200000| Untracked 
|  67|0x0000000084300000, 0x0000000084400000, 0x0000000084400000|100%| O|  |TAMS 0x0000000084300000, 0x0000000084300000| Untracked 
|  68|0x0000000084400000, 0x0000000084500000, 0x0000000084500000|100%| O|  |TAMS 0x0000000084400000, 0x0000000084400000| Untracked 
|  69|0x0000000084500000, 0x0000000084600000, 0x0000000084600000|100%| O|  |TAMS 0x0000000084500000, 0x0000000084500000| Untracked 
|  70|0x0000000084600000, 0x0000000084700000, 0x0000000084700000|100%| O|  |TAMS 0x0000000084600000, 0x0000000084600000| Untracked 
|  71|0x0000000084700000, 0x0000000084800000, 0x0000000084800000|100%| O|  |TAMS 0x0000000084700000, 0x0000000084700000| Untracked 
|  72|0x0000000084800000, 0x0000000084900000, 0x0000000084900000|100%| O|  |TAMS 0x0000000084800000, 0x0000000084800000| Untracked 
|  73|0x0000000084900000, 0x0000000084a00000, 0x0000000084a00000|100%| O|  |TAMS 0x0000000084900000, 0x0000000084900000| Untracked 
|  74|0x0000000084a00000, 0x0000000084b00000, 0x0000000084b00000|100%| O|  |TAMS 0x0000000084a00000, 0x0000000084a00000| Untracked 
|  75|0x0000000084b00000, 0x0000000084c00000, 0x0000000084c00000|100%| O|  |TAMS 0x0000000084b00000, 0x0000000084b00000| Untracked 
|  76|0x0000000084c00000, 0x0000000084d00000, 0x0000000084d00000|100%| O|  |TAMS 0x0000000084c00000, 0x0000000084c00000| Untracked 
|  77|0x0000000084d00000, 0x0000000084e00000, 0x0000000084e00000|100%| O|  |TAMS 0x0000000084d00000, 0x0000000084d00000| Untracked 
|  78|0x0000000084e00000, 0x0000000084f00000, 0x0000000084f00000|100%| O|  |TAMS 0x0000000084e00000, 0x0000000084e00000| Untracked 
|  79|0x0000000084f00000, 0x0000000085000000, 0x0000000085000000|100%| O|  |TAMS 0x0000000084f00000, 0x0000000084f00000| Untracked 
|  80|0x0000000085000000, 0x0000000085100000, 0x0000000085100000|100%| O|  |TAMS 0x0000000085000000, 0x0000000085000000| Untracked 
|  81|0x0000000085100000, 0x0000000085200000, 0x0000000085200000|100%| O|  |TAMS 0x0000000085100000, 0x0000000085100000| Untracked 
|  82|0x0000000085200000, 0x0000000085300000, 0x0000000085300000|100%| O|  |TAMS 0x0000000085200000, 0x0000000085200000| Untracked 
|  83|0x0000000085300000, 0x0000000085400000, 0x0000000085400000|100%| O|  |TAMS 0x0000000085300000, 0x0000000085300000| Untracked 
|  84|0x0000000085400000, 0x0000000085500000, 0x0000000085500000|100%|HS|  |TAMS 0x0000000085400000, 0x0000000085400000| Complete 
|  85|0x0000000085500000, 0x0000000085600000, 0x0000000085600000|100%|HC|  |TAMS 0x0000000085500000, 0x0000000085500000| Complete 
|  86|0x0000000085600000, 0x0000000085700000, 0x0000000085700000|100%|HS|  |TAMS 0x0000000085600000, 0x0000000085600000| Complete 
|  87|0x0000000085700000, 0x0000000085800000, 0x0000000085800000|100%|HC|  |TAMS 0x0000000085700000, 0x0000000085700000| Complete 
|  88|0x0000000085800000, 0x0000000085900000, 0x0000000085900000|100%| O|  |TAMS 0x0000000085800000, 0x0000000085800000| Untracked 
|  89|0x0000000085900000, 0x0000000085a00000, 0x0000000085a00000|100%| O|  |TAMS 0x0000000085900000, 0x0000000085900000| Untracked 
|  90|0x0000000085a00000, 0x0000000085b00000, 0x0000000085b00000|100%| O|  |TAMS 0x0000000085a00000, 0x0000000085a00000| Untracked 
|  91|0x0000000085b00000, 0x0000000085c00000, 0x0000000085c00000|100%| O|  |TAMS 0x0000000085b00000, 0x0000000085b00000| Untracked 
|  92|0x0000000085c00000, 0x0000000085d00000, 0x0000000085d00000|100%| O|  |TAMS 0x0000000085c00000, 0x0000000085c00000| Untracked 
|  93|0x0000000085d00000, 0x0000000085e00000, 0x0000000085e00000|100%| O|  |TAMS 0x0000000085d00000, 0x0000000085d00000| Untracked 
|  94|0x0000000085e00000, 0x0000000085f00000, 0x0000000085f00000|100%| O|  |TAMS 0x0000000085e00000, 0x0000000085e00000| Untracked 
|  95|0x0000000085f00000, 0x0000000086000000, 0x0000000086000000|100%| O|  |TAMS 0x0000000085f00000, 0x0000000085f00000| Untracked 
|  96|0x0000000086000000, 0x0000000086100000, 0x0000000086100000|100%|HS|  |TAMS 0x0000000086000000, 0x0000000086000000| Complete 
|  97|0x0000000086100000, 0x0000000086200000, 0x0000000086200000|100%|HS|  |TAMS 0x0000000086100000, 0x0000000086100000| Complete 
|  98|0x0000000086200000, 0x0000000086300000, 0x0000000086300000|100%|HS|  |TAMS 0x0000000086200000, 0x0000000086200000| Complete 
|  99|0x0000000086300000, 0x0000000086400000, 0x0000000086400000|100%|HS|  |TAMS 0x0000000086300000, 0x0000000086300000| Complete 
| 100|0x0000000086400000, 0x0000000086500000, 0x0000000086500000|100%|HC|  |TAMS 0x0000000086400000, 0x0000000086400000| Complete 
| 101|0x0000000086500000, 0x0000000086600000, 0x0000000086600000|100%| O|  |TAMS 0x0000000086500000, 0x0000000086500000| Untracked 
| 102|0x0000000086600000, 0x0000000086700000, 0x0000000086700000|100%| O|  |TAMS 0x0000000086600000, 0x0000000086600000| Untracked 
| 103|0x0000000086700000, 0x0000000086800000, 0x0000000086800000|100%| O|  |TAMS 0x0000000086700000, 0x0000000086700000| Untracked 
| 104|0x0000000086800000, 0x0000000086900000, 0x0000000086900000|100%| O|  |TAMS 0x0000000086800000, 0x0000000086800000| Untracked 
| 105|0x0000000086900000, 0x0000000086a00000, 0x0000000086a00000|100%| O|  |TAMS 0x0000000086900000, 0x0000000086900000| Untracked 
| 106|0x0000000086a00000, 0x0000000086b00000, 0x0000000086b00000|100%| O|  |TAMS 0x0000000086a00000, 0x0000000086a00000| Untracked 
| 107|0x0000000086b00000, 0x0000000086c00000, 0x0000000086c00000|100%| O|  |TAMS 0x0000000086b00000, 0x0000000086b00000| Untracked 
| 108|0x0000000086c00000, 0x0000000086d00000, 0x0000000086d00000|100%| O|  |TAMS 0x0000000086c00000, 0x0000000086c00000| Untracked 
| 109|0x0000000086d00000, 0x0000000086e00000, 0x0000000086e00000|100%| O|  |TAMS 0x0000000086d00000, 0x0000000086d00000| Untracked 
| 110|0x0000000086e00000, 0x0000000086f00000, 0x0000000086f00000|100%| O|  |TAMS 0x0000000086e00000, 0x0000000086e00000| Untracked 
| 111|0x0000000086f00000, 0x0000000087000000, 0x0000000087000000|100%| O|  |TAMS 0x0000000086f00000, 0x0000000086f00000| Untracked 
| 112|0x0000000087000000, 0x0000000087100000, 0x0000000087100000|100%| O|  |TAMS 0x0000000087000000, 0x0000000087000000| Untracked 
| 113|0x0000000087100000, 0x0000000087200000, 0x0000000087200000|100%| O|  |TAMS 0x0000000087100000, 0x0000000087100000| Untracked 
| 114|0x0000000087200000, 0x0000000087300000, 0x0000000087300000|100%| O|  |TAMS 0x0000000087200000, 0x0000000087200000| Untracked 
| 115|0x0000000087300000, 0x0000000087400000, 0x0000000087400000|100%| O|  |TAMS 0x0000000087300000, 0x0000000087300000| Untracked 
| 116|0x0000000087400000, 0x0000000087500000, 0x0000000087500000|100%| O|  |TAMS 0x0000000087400000, 0x0000000087400000| Untracked 
| 117|0x0000000087500000, 0x0000000087600000, 0x0000000087600000|100%| O|  |TAMS 0x0000000087500000, 0x0000000087500000| Untracked 
| 118|0x0000000087600000, 0x0000000087700000, 0x0000000087700000|100%| O|  |TAMS 0x0000000087600000, 0x0000000087600000| Untracked 
| 119|0x0000000087700000, 0x0000000087800000, 0x0000000087800000|100%| O|  |TAMS 0x0000000087700000, 0x0000000087700000| Untracked 
| 120|0x0000000087800000, 0x0000000087900000, 0x0000000087900000|100%| O|  |TAMS 0x0000000087800000, 0x0000000087800000| Untracked 
| 121|0x0000000087900000, 0x0000000087a00000, 0x0000000087a00000|100%| O|  |TAMS 0x0000000087900000, 0x0000000087900000| Untracked 
| 122|0x0000000087a00000, 0x0000000087b00000, 0x0000000087b00000|100%| O|  |TAMS 0x0000000087a00000, 0x0000000087a00000| Untracked 
| 123|0x0000000087b00000, 0x0000000087c00000, 0x0000000087c00000|100%| O|  |TAMS 0x0000000087b00000, 0x0000000087b00000| Untracked 
| 124|0x0000000087c00000, 0x0000000087d00000, 0x0000000087d00000|100%| O|  |TAMS 0x0000000087c00000, 0x0000000087c00000| Untracked 
| 125|0x0000000087d00000, 0x0000000087e00000, 0x0000000087e00000|100%| O|  |TAMS 0x0000000087d00000, 0x0000000087d00000| Untracked 
| 126|0x0000000087e00000, 0x0000000087f00000, 0x0000000087f00000|100%| O|  |TAMS 0x0000000087e00000, 0x0000000087e00000| Untracked 
| 127|0x0000000087f00000, 0x0000000088000000, 0x0000000088000000|100%| O|  |TAMS 0x0000000087f00000, 0x0000000087f00000| Untracked 
| 128|0x0000000088000000, 0x0000000088100000, 0x0000000088100000|100%| O|  |TAMS 0x0000000088000000, 0x0000000088000000| Untracked 
| 129|0x0000000088100000, 0x0000000088200000, 0x0000000088200000|100%| O|  |TAMS 0x0000000088100000, 0x0000000088100000| Untracked 
| 130|0x0000000088200000, 0x0000000088300000, 0x0000000088300000|100%| O|  |TAMS 0x0000000088200000, 0x0000000088200000| Untracked 
| 131|0x0000000088300000, 0x0000000088400000, 0x0000000088400000|100%| O|  |TAMS 0x0000000088300000, 0x0000000088300000| Untracked 
| 132|0x0000000088400000, 0x0000000088500000, 0x0000000088500000|100%| O|  |TAMS 0x0000000088400000, 0x0000000088400000| Untracked 
| 133|0x0000000088500000, 0x0000000088600000, 0x0000000088600000|100%| O|  |TAMS 0x0000000088500000, 0x0000000088500000| Untracked 
| 134|0x0000000088600000, 0x0000000088700000, 0x0000000088700000|100%| O|  |TAMS 0x0000000088600000, 0x0000000088600000| Untracked 
| 135|0x0000000088700000, 0x0000000088800000, 0x0000000088800000|100%| O|  |TAMS 0x0000000088700000, 0x0000000088700000| Untracked 
| 136|0x0000000088800000, 0x0000000088900000, 0x0000000088900000|100%| O|  |TAMS 0x0000000088800000, 0x0000000088800000| Untracked 
| 137|0x0000000088900000, 0x0000000088a00000, 0x0000000088a00000|100%| O|  |TAMS 0x0000000088900000, 0x0000000088900000| Untracked 
| 138|0x0000000088a00000, 0x0000000088b00000, 0x0000000088b00000|100%| O|  |TAMS 0x0000000088a00000, 0x0000000088a00000| Untracked 
| 139|0x0000000088b00000, 0x0000000088c00000, 0x0000000088c00000|100%| O|  |TAMS 0x0000000088b00000, 0x0000000088b00000| Untracked 
| 140|0x0000000088c00000, 0x0000000088d00000, 0x0000000088d00000|100%| O|  |TAMS 0x0000000088c00000, 0x0000000088c00000| Untracked 
| 141|0x0000000088d00000, 0x0000000088e00000, 0x0000000088e00000|100%| O|  |TAMS 0x0000000088d00000, 0x0000000088d00000| Untracked 
| 142|0x0000000088e00000, 0x0000000088f00000, 0x0000000088f00000|100%| O|  |TAMS 0x0000000088e00000, 0x0000000088e00000| Untracked 
| 143|0x0000000088f00000, 0x0000000089000000, 0x0000000089000000|100%| O|  |TAMS 0x0000000088f00000, 0x0000000088f00000| Untracked 
| 144|0x0000000089000000, 0x0000000089100000, 0x0000000089100000|100%| O|  |TAMS 0x0000000089000000, 0x0000000089000000| Untracked 
| 145|0x0000000089100000, 0x0000000089200000, 0x0000000089200000|100%| O|  |TAMS 0x0000000089100000, 0x0000000089100000| Untracked 
| 146|0x0000000089200000, 0x0000000089300000, 0x0000000089300000|100%| O|  |TAMS 0x0000000089200000, 0x0000000089200000| Untracked 
| 147|0x0000000089300000, 0x0000000089400000, 0x0000000089400000|100%| O|  |TAMS 0x0000000089300000, 0x0000000089300000| Untracked 
| 148|0x0000000089400000, 0x0000000089500000, 0x0000000089500000|100%| O|  |TAMS 0x0000000089400000, 0x0000000089400000| Untracked 
| 149|0x0000000089500000, 0x00000000895db200, 0x0000000089600000| 85%| O|  |TAMS 0x0000000089500000, 0x0000000089500000| Untracked 
| 150|0x0000000089600000, 0x0000000089600000, 0x0000000089700000|  0%| F|  |TAMS 0x0000000089600000, 0x0000000089600000| Untracked 
| 151|0x0000000089700000, 0x0000000089700000, 0x0000000089800000|  0%| F|  |TAMS 0x0000000089700000, 0x0000000089700000| Untracked 
| 152|0x0000000089800000, 0x0000000089800000, 0x0000000089900000|  0%| F|  |TAMS 0x0000000089800000, 0x0000000089800000| Untracked 
| 153|0x0000000089900000, 0x0000000089900000, 0x0000000089a00000|  0%| F|  |TAMS 0x0000000089900000, 0x0000000089900000| Untracked 
| 154|0x0000000089a00000, 0x0000000089a00000, 0x0000000089b00000|  0%| F|  |TAMS 0x0000000089a00000, 0x0000000089a00000| Untracked 
| 155|0x0000000089b00000, 0x0000000089b00000, 0x0000000089c00000|  0%| F|  |TAMS 0x0000000089b00000, 0x0000000089b00000| Untracked 
| 156|0x0000000089c00000, 0x0000000089c00000, 0x0000000089d00000|  0%| F|  |TAMS 0x0000000089c00000, 0x0000000089c00000| Untracked 
| 157|0x0000000089d00000, 0x0000000089d00000, 0x0000000089e00000|  0%| F|  |TAMS 0x0000000089d00000, 0x0000000089d00000| Untracked 
| 158|0x0000000089e00000, 0x0000000089e00000, 0x0000000089f00000|  0%| F|  |TAMS 0x0000000089e00000, 0x0000000089e00000| Untracked 
| 159|0x0000000089f00000, 0x0000000089f00000, 0x000000008a000000|  0%| F|  |TAMS 0x0000000089f00000, 0x0000000089f00000| Untracked 
| 160|0x000000008a000000, 0x000000008a000000, 0x000000008a100000|  0%| F|  |TAMS 0x000000008a000000, 0x000000008a000000| Untracked 
| 161|0x000000008a100000, 0x000000008a100000, 0x000000008a200000|  0%| F|  |TAMS 0x000000008a100000, 0x000000008a100000| Untracked 
| 162|0x000000008a200000, 0x000000008a200000, 0x000000008a300000|  0%| F|  |TAMS 0x000000008a200000, 0x000000008a200000| Untracked 
| 163|0x000000008a300000, 0x000000008a300000, 0x000000008a400000|  0%| F|  |TAMS 0x000000008a300000, 0x000000008a300000| Untracked 
| 164|0x000000008a400000, 0x000000008a400000, 0x000000008a500000|  0%| F|  |TAMS 0x000000008a400000, 0x000000008a400000| Untracked 
| 165|0x000000008a500000, 0x000000008a500000, 0x000000008a600000|  0%| F|  |TAMS 0x000000008a500000, 0x000000008a500000| Untracked 
| 166|0x000000008a600000, 0x000000008a600000, 0x000000008a700000|  0%| F|  |TAMS 0x000000008a600000, 0x000000008a600000| Untracked 
| 167|0x000000008a700000, 0x000000008a700000, 0x000000008a800000|  0%| F|  |TAMS 0x000000008a700000, 0x000000008a700000| Untracked 
| 168|0x000000008a800000, 0x000000008a800000, 0x000000008a900000|  0%| F|  |TAMS 0x000000008a800000, 0x000000008a800000| Untracked 
| 169|0x000000008a900000, 0x000000008a900000, 0x000000008aa00000|  0%| F|  |TAMS 0x000000008a900000, 0x000000008a900000| Untracked 
| 170|0x000000008aa00000, 0x000000008aa00000, 0x000000008ab00000|  0%| F|  |TAMS 0x000000008aa00000, 0x000000008aa00000| Untracked 
| 171|0x000000008ab00000, 0x000000008ab00000, 0x000000008ac00000|  0%| F|  |TAMS 0x000000008ab00000, 0x000000008ab00000| Untracked 
| 172|0x000000008ac00000, 0x000000008ac00000, 0x000000008ad00000|  0%| F|  |TAMS 0x000000008ac00000, 0x000000008ac00000| Untracked 
| 173|0x000000008ad00000, 0x000000008ad00000, 0x000000008ae00000|  0%| F|  |TAMS 0x000000008ad00000, 0x000000008ad00000| Untracked 
| 174|0x000000008ae00000, 0x000000008ae00000, 0x000000008af00000|  0%| F|  |TAMS 0x000000008ae00000, 0x000000008ae00000| Untracked 
| 175|0x000000008af00000, 0x000000008af00000, 0x000000008b000000|  0%| F|  |TAMS 0x000000008af00000, 0x000000008af00000| Untracked 
| 176|0x000000008b000000, 0x000000008b000000, 0x000000008b100000|  0%| F|  |TAMS 0x000000008b000000, 0x000000008b000000| Untracked 
| 177|0x000000008b100000, 0x000000008b100000, 0x000000008b200000|  0%| F|  |TAMS 0x000000008b100000, 0x000000008b100000| Untracked 
| 178|0x000000008b200000, 0x000000008b200000, 0x000000008b300000|  0%| F|  |TAMS 0x000000008b200000, 0x000000008b200000| Untracked 
| 179|0x000000008b300000, 0x000000008b300000, 0x000000008b400000|  0%| F|  |TAMS 0x000000008b300000, 0x000000008b300000| Untracked 
| 180|0x000000008b400000, 0x000000008b400000, 0x000000008b500000|  0%| F|  |TAMS 0x000000008b400000, 0x000000008b400000| Untracked 
| 181|0x000000008b500000, 0x000000008b500000, 0x000000008b600000|  0%| F|  |TAMS 0x000000008b500000, 0x000000008b500000| Untracked 
| 182|0x000000008b600000, 0x000000008b600000, 0x000000008b700000|  0%| F|  |TAMS 0x000000008b600000, 0x000000008b600000| Untracked 
| 183|0x000000008b700000, 0x000000008b700000, 0x000000008b800000|  0%| F|  |TAMS 0x000000008b700000, 0x000000008b700000| Untracked 
| 184|0x000000008b800000, 0x000000008b800000, 0x000000008b900000|  0%| F|  |TAMS 0x000000008b800000, 0x000000008b800000| Untracked 
| 185|0x000000008b900000, 0x000000008b900000, 0x000000008ba00000|  0%| F|  |TAMS 0x000000008b900000, 0x000000008b900000| Untracked 
| 186|0x000000008ba00000, 0x000000008ba00000, 0x000000008bb00000|  0%| F|  |TAMS 0x000000008ba00000, 0x000000008ba00000| Untracked 
| 187|0x000000008bb00000, 0x000000008bb00000, 0x000000008bc00000|  0%| F|  |TAMS 0x000000008bb00000, 0x000000008bb00000| Untracked 
| 188|0x000000008bc00000, 0x000000008bc00000, 0x000000008bd00000|  0%| F|  |TAMS 0x000000008bc00000, 0x000000008bc00000| Untracked 
| 189|0x000000008bd00000, 0x000000008bd00000, 0x000000008be00000|  0%| F|  |TAMS 0x000000008bd00000, 0x000000008bd00000| Untracked 
| 190|0x000000008be00000, 0x000000008be00000, 0x000000008bf00000|  0%| F|  |TAMS 0x000000008be00000, 0x000000008be00000| Untracked 
| 191|0x000000008bf00000, 0x000000008bf00000, 0x000000008c000000|  0%| F|  |TAMS 0x000000008bf00000, 0x000000008bf00000| Untracked 
| 192|0x000000008c000000, 0x000000008c000000, 0x000000008c100000|  0%| F|  |TAMS 0x000000008c000000, 0x000000008c000000| Untracked 
| 193|0x000000008c100000, 0x000000008c100000, 0x000000008c200000|  0%| F|  |TAMS 0x000000008c100000, 0x000000008c100000| Untracked 
| 194|0x000000008c200000, 0x000000008c228238, 0x000000008c300000| 15%| S|CS|TAMS 0x000000008c200000, 0x000000008c200000| Complete 
| 195|0x000000008c300000, 0x000000008c400000, 0x000000008c400000|100%| S|CS|TAMS 0x000000008c300000, 0x000000008c300000| Complete 
| 196|0x000000008c400000, 0x000000008c500000, 0x000000008c500000|100%| S|CS|TAMS 0x000000008c400000, 0x000000008c400000| Complete 
| 197|0x000000008c500000, 0x000000008c600000, 0x000000008c600000|100%| S|CS|TAMS 0x000000008c500000, 0x000000008c500000| Complete 
| 198|0x000000008c600000, 0x000000008c700000, 0x000000008c700000|100%| S|CS|TAMS 0x000000008c600000, 0x000000008c600000| Complete 
| 199|0x000000008c700000, 0x000000008c800000, 0x000000008c800000|100%| S|CS|TAMS 0x000000008c700000, 0x000000008c700000| Complete 
| 200|0x000000008c800000, 0x000000008c900000, 0x000000008c900000|100%| S|CS|TAMS 0x000000008c800000, 0x000000008c800000| Complete 
| 201|0x000000008c900000, 0x000000008c900000, 0x000000008ca00000|  0%| F|  |TAMS 0x000000008c900000, 0x000000008c900000| Untracked 
| 202|0x000000008ca00000, 0x000000008ca00000, 0x000000008cb00000|  0%| F|  |TAMS 0x000000008ca00000, 0x000000008ca00000| Untracked 
| 203|0x000000008cb00000, 0x000000008cb00000, 0x000000008cc00000|  0%| F|  |TAMS 0x000000008cb00000, 0x000000008cb00000| Untracked 
| 204|0x000000008cc00000, 0x000000008cc00000, 0x000000008cd00000|  0%| F|  |TAMS 0x000000008cc00000, 0x000000008cc00000| Untracked 
| 205|0x000000008cd00000, 0x000000008cd00000, 0x000000008ce00000|  0%| F|  |TAMS 0x000000008cd00000, 0x000000008cd00000| Untracked 
| 206|0x000000008ce00000, 0x000000008ce00000, 0x000000008cf00000|  0%| F|  |TAMS 0x000000008ce00000, 0x000000008ce00000| Untracked 
| 207|0x000000008cf00000, 0x000000008cf00000, 0x000000008d000000|  0%| F|  |TAMS 0x000000008cf00000, 0x000000008cf00000| Untracked 
| 208|0x000000008d000000, 0x000000008d000000, 0x000000008d100000|  0%| F|  |TAMS 0x000000008d000000, 0x000000008d000000| Untracked 
| 209|0x000000008d100000, 0x000000008d100000, 0x000000008d200000|  0%| F|  |TAMS 0x000000008d100000, 0x000000008d100000| Untracked 
| 210|0x000000008d200000, 0x000000008d200000, 0x000000008d300000|  0%| F|  |TAMS 0x000000008d200000, 0x000000008d200000| Untracked 
| 211|0x000000008d300000, 0x000000008d300000, 0x000000008d400000|  0%| F|  |TAMS 0x000000008d300000, 0x000000008d300000| Untracked 
| 212|0x000000008d400000, 0x000000008d400000, 0x000000008d500000|  0%| F|  |TAMS 0x000000008d400000, 0x000000008d400000| Untracked 
| 213|0x000000008d500000, 0x000000008d500000, 0x000000008d600000|  0%| F|  |TAMS 0x000000008d500000, 0x000000008d500000| Untracked 
| 214|0x000000008d600000, 0x000000008d600000, 0x000000008d700000|  0%| F|  |TAMS 0x000000008d600000, 0x000000008d600000| Untracked 
| 215|0x000000008d700000, 0x000000008d700000, 0x000000008d800000|  0%| F|  |TAMS 0x000000008d700000, 0x000000008d700000| Untracked 
| 216|0x000000008d800000, 0x000000008d800000, 0x000000008d900000|  0%| F|  |TAMS 0x000000008d800000, 0x000000008d800000| Untracked 
| 217|0x000000008d900000, 0x000000008d900000, 0x000000008da00000|  0%| F|  |TAMS 0x000000008d900000, 0x000000008d900000| Untracked 
| 218|0x000000008da00000, 0x000000008da00000, 0x000000008db00000|  0%| F|  |TAMS 0x000000008da00000, 0x000000008da00000| Untracked 
| 219|0x000000008db00000, 0x000000008db00000, 0x000000008dc00000|  0%| F|  |TAMS 0x000000008db00000, 0x000000008db00000| Untracked 
| 220|0x000000008dc00000, 0x000000008dc00000, 0x000000008dd00000|  0%| F|  |TAMS 0x000000008dc00000, 0x000000008dc00000| Untracked 
| 221|0x000000008dd00000, 0x000000008dd00000, 0x000000008de00000|  0%| F|  |TAMS 0x000000008dd00000, 0x000000008dd00000| Untracked 
| 222|0x000000008de00000, 0x000000008de00000, 0x000000008df00000|  0%| F|  |TAMS 0x000000008de00000, 0x000000008de00000| Untracked 
| 223|0x000000008df00000, 0x000000008df00000, 0x000000008e000000|  0%| F|  |TAMS 0x000000008df00000, 0x000000008df00000| Untracked 
| 224|0x000000008e000000, 0x000000008e000000, 0x000000008e100000|  0%| F|  |TAMS 0x000000008e000000, 0x000000008e000000| Untracked 
| 225|0x000000008e100000, 0x000000008e100000, 0x000000008e200000|  0%| F|  |TAMS 0x000000008e100000, 0x000000008e100000| Untracked 
| 226|0x000000008e200000, 0x000000008e2f35e0, 0x000000008e300000| 95%| E|  |TAMS 0x000000008e200000, 0x000000008e200000| Complete 
| 227|0x000000008e300000, 0x000000008e400000, 0x000000008e400000|100%| E|  |TAMS 0x000000008e300000, 0x000000008e300000| Complete 
| 228|0x000000008e400000, 0x000000008e500000, 0x000000008e500000|100%| E|CS|TAMS 0x000000008e400000, 0x000000008e400000| Complete 
| 229|0x000000008e500000, 0x000000008e600000, 0x000000008e600000|100%| E|CS|TAMS 0x000000008e500000, 0x000000008e500000| Complete 
| 230|0x000000008e600000, 0x000000008e700000, 0x000000008e700000|100%| E|CS|TAMS 0x000000008e600000, 0x000000008e600000| Complete 
| 231|0x000000008e700000, 0x000000008e800000, 0x000000008e800000|100%| E|CS|TAMS 0x000000008e700000, 0x000000008e700000| Complete 
| 232|0x000000008e800000, 0x000000008e900000, 0x000000008e900000|100%| E|CS|TAMS 0x000000008e800000, 0x000000008e800000| Complete 
| 233|0x000000008e900000, 0x000000008ea00000, 0x000000008ea00000|100%| E|CS|TAMS 0x000000008e900000, 0x000000008e900000| Complete 
| 234|0x000000008ea00000, 0x000000008eb00000, 0x000000008eb00000|100%| E|CS|TAMS 0x000000008ea00000, 0x000000008ea00000| Complete 
| 235|0x000000008eb00000, 0x000000008ec00000, 0x000000008ec00000|100%| E|CS|TAMS 0x000000008eb00000, 0x000000008eb00000| Complete 
| 236|0x000000008ec00000, 0x000000008ed00000, 0x000000008ed00000|100%| E|CS|TAMS 0x000000008ec00000, 0x000000008ec00000| Complete 
| 237|0x000000008ed00000, 0x000000008ee00000, 0x000000008ee00000|100%| E|CS|TAMS 0x000000008ed00000, 0x000000008ed00000| Complete 
| 238|0x000000008ee00000, 0x000000008ef00000, 0x000000008ef00000|100%| E|CS|TAMS 0x000000008ee00000, 0x000000008ee00000| Complete 
| 239|0x000000008ef00000, 0x000000008f000000, 0x000000008f000000|100%| E|CS|TAMS 0x000000008ef00000, 0x000000008ef00000| Complete 
| 240|0x000000008f000000, 0x000000008f100000, 0x000000008f100000|100%| E|CS|TAMS 0x000000008f000000, 0x000000008f000000| Complete 
| 241|0x000000008f100000, 0x000000008f200000, 0x000000008f200000|100%| E|CS|TAMS 0x000000008f100000, 0x000000008f100000| Complete 
| 242|0x000000008f200000, 0x000000008f300000, 0x000000008f300000|100%| E|CS|TAMS 0x000000008f200000, 0x000000008f200000| Complete 
| 243|0x000000008f300000, 0x000000008f400000, 0x000000008f400000|100%| E|CS|TAMS 0x000000008f300000, 0x000000008f300000| Complete 
| 244|0x000000008f400000, 0x000000008f500000, 0x000000008f500000|100%| E|CS|TAMS 0x000000008f400000, 0x000000008f400000| Complete 
| 245|0x000000008f500000, 0x000000008f600000, 0x000000008f600000|100%| E|CS|TAMS 0x000000008f500000, 0x000000008f500000| Complete 
| 246|0x000000008f600000, 0x000000008f700000, 0x000000008f700000|100%| E|CS|TAMS 0x000000008f600000, 0x000000008f600000| Complete 
| 247|0x000000008f700000, 0x000000008f800000, 0x000000008f800000|100%| E|CS|TAMS 0x000000008f700000, 0x000000008f700000| Complete 
| 248|0x000000008f800000, 0x000000008f900000, 0x000000008f900000|100%| E|CS|TAMS 0x000000008f800000, 0x000000008f800000| Complete 
| 249|0x000000008f900000, 0x000000008fa00000, 0x000000008fa00000|100%| E|CS|TAMS 0x000000008f900000, 0x000000008f900000| Complete 
| 250|0x000000008fa00000, 0x000000008fb00000, 0x000000008fb00000|100%| E|CS|TAMS 0x000000008fa00000, 0x000000008fa00000| Complete 
| 251|0x000000008fb00000, 0x000000008fc00000, 0x000000008fc00000|100%| E|CS|TAMS 0x000000008fb00000, 0x000000008fb00000| Complete 
| 252|0x000000008fc00000, 0x000000008fd00000, 0x000000008fd00000|100%| E|CS|TAMS 0x000000008fc00000, 0x000000008fc00000| Complete 
| 253|0x000000008fd00000, 0x000000008fe00000, 0x000000008fe00000|100%| E|CS|TAMS 0x000000008fd00000, 0x000000008fd00000| Complete 
| 254|0x000000008fe00000, 0x000000008ff00000, 0x000000008ff00000|100%| E|CS|TAMS 0x000000008fe00000, 0x000000008fe00000| Complete 
| 255|0x000000008ff00000, 0x0000000090000000, 0x0000000090000000|100%| E|CS|TAMS 0x000000008ff00000, 0x000000008ff00000| Complete 
| 256|0x0000000090000000, 0x0000000090100000, 0x0000000090100000|100%| E|CS|TAMS 0x0000000090000000, 0x0000000090000000| Complete 

Card table byte_map: [0x000002286be60000,0x000002286c260000] _byte_map_base: 0x000002286ba60000

Marking Bits (Prev, Next): (CMBitMap*) 0x0000022854fbcc60, (CMBitMap*) 0x0000022854fbcc20
 Prev Bits: [0x000002286e660000, 0x0000022870660000)
 Next Bits: [0x000002286c660000, 0x000002286e660000)

Polling page: 0x00000228530e0000

Metaspace:

Usage:
  Non-class:     87.81 MB used.
      Class:     14.17 MB used.
       Both:    101.97 MB used.

Virtual space:
  Non-class space:      128.00 MB reserved,      88.31 MB ( 69%) committed,  2 nodes.
      Class space:      416.00 MB reserved,      14.62 MB (  4%) committed,  1 nodes.
             Both:      544.00 MB reserved,     102.94 MB ( 19%) committed. 

Chunk freelists:
   Non-Class:  7.55 MB
       Class:  1.35 MB
        Both:  8.90 MB

MaxMetaspaceSize: 512.00 MB
CompressedClassSpaceSize: 416.00 MB
Initial GC threshold: 21.00 MB
Current GC threshold: 106.06 MB
CDS: on
MetaspaceReclaimPolicy: balanced
 - commit_granule_bytes: 65536.
 - commit_granule_words: 8192.
 - virtual_space_node_default_size: 8388608.
 - enlarge_chunks_in_place: 1.
 - new_chunks_are_fully_committed: 0.
 - uncommit_free_chunks: 1.
 - use_allocation_guard: 0.
 - handle_deallocations: 1.


Internal statistics:

num_allocs_failed_limit: 6.
num_arena_births: 1294.
num_arena_deaths: 0.
num_vsnodes_births: 3.
num_vsnodes_deaths: 0.
num_space_committed: 1647.
num_space_uncommitted: 0.
num_chunks_returned_to_freelist: 6.
num_chunks_taken_from_freelist: 5696.
num_chunk_merges: 6.
num_chunk_splits: 3677.
num_chunks_enlarged: 2361.
num_inconsistent_stats: 0.

CodeHeap 'non-profiled nmethods': size=120000Kb used=8300Kb max_used=8300Kb free=111700Kb
 bounds [0x0000022864530000, 0x0000022864d50000, 0x000002286ba60000]
CodeHeap 'profiled nmethods': size=120000Kb used=25455Kb max_used=25455Kb free=94544Kb
 bounds [0x000002285ca60000, 0x000002285e340000, 0x0000022863f90000]
CodeHeap 'non-nmethods': size=5760Kb used=2442Kb max_used=2496Kb free=3317Kb
 bounds [0x0000022863f90000, 0x0000022864220000, 0x0000022864530000]
 total_blobs=13942 nmethods=12964 adapters=889
 compilation: enabled
              stopped_count=0, restarted_count=0
 full_count=0

Compilation events (20 events):
Event: 38.608 Thread 0x000002287d003de0 nmethod 15249 0x0000022864d3c610 code [0x0000022864d3c7c0, 0x0000022864d3cd28]
Event: 38.608 Thread 0x000002287d003de0 15247       4       org.gradle.internal.io.StreamByteBuffer$StreamByteBufferInputStream::read (8 bytes)
Event: 38.608 Thread 0x000002287d003de0 nmethod 15247 0x0000022864d3d190 code [0x0000022864d3d320, 0x0000022864d3d3c8]
Event: 38.609 Thread 0x0000022872b74d60 nmethod 15250 0x0000022864d3d490 code [0x0000022864d3d620, 0x0000022864d3da78]
Event: 38.610 Thread 0x000002287d003de0 15251       4       org.gradle.cache.internal.DefaultFileLockManager$DefaultFileLock::assertOpenAndIntegral (41 bytes)
Event: 38.610 Thread 0x000002287d003de0 nmethod 15251 0x0000022864d3de10 code [0x0000022864d3dfa0, 0x0000022864d3e0b8]
Event: 38.611 Thread 0x0000022872b74d60 15252   !   4       org.gradle.internal.concurrent.ExecutorPolicy$CatchAndRecordFailures::onExecute (29 bytes)
Event: 38.611 Thread 0x000002287d003de0 15253   !   4       org.gradle.cache.internal.DefaultMultiProcessSafeIndexedCache::getIfPresent (25 bytes)
Event: 38.612 Thread 0x0000022872b74d60 nmethod 15252 0x0000022864d3e210 code [0x0000022864d3e3a0, 0x0000022864d3e518]
Event: 38.612 Thread 0x0000022872b74d60 15254       4       org.gradle.cache.internal.DefaultCacheCoordinator$UnitOfWorkFileAccess::readFile (14 bytes)
Event: 38.635 Thread 0x0000022872b74d60 nmethod 15254 0x0000022864d3e690 code [0x0000022864d3e940, 0x0000022864d3fe80]
Event: 38.635 Thread 0x0000022872b74d60 15256       4       java.util.concurrent.locks.AbstractQueuedSynchronizer$ConditionObject::awaitNanos (200 bytes)
Event: 38.648 Thread 0x0000022872b74d60 nmethod 15256 0x0000022864d40e10 code [0x0000022864d41000, 0x0000022864d41d08]
Event: 38.648 Thread 0x0000022872b74d60 15257       4       java.io.BufferedInputStream::fill (203 bytes)
Event: 38.652 Thread 0x0000022872b74d60 nmethod 15257 0x0000022864d42590 code [0x0000022864d42720, 0x0000022864d42cb8]
Event: 38.652 Thread 0x0000022872b74d60 15258       4       java.util.concurrent.locks.AbstractQueuedSynchronizer$Node::getAndUnsetStatus (14 bytes)
Event: 38.652 Thread 0x0000022872b74d60 nmethod 15258 0x0000022864d42f10 code [0x0000022864d43080, 0x0000022864d43138]
Event: 38.652 Thread 0x0000022872b74d60 15255       4       java.util.concurrent.locks.LockSupport::parkNanos (29 bytes)
Event: 38.654 Thread 0x0000022872b74d60 nmethod 15255 0x0000022864d43210 code [0x0000022864d433a0, 0x0000022864d43588]
Event: 38.654 Thread 0x0000022872b74d60 15259   !   4       java.nio.file.FileTreeWalker::visit (204 bytes)

GC Heap History (20 events):
Event: 31.195 GC heap before
{Heap before GC invocations=33 (full 0):
 garbage-first heap   total 219136K, used 177643K [0x0000000080000000, 0x0000000100000000)
  region size 1024K, 89 young (91136K), 6 survivors (6144K)
 Metaspace       used 89385K, committed 90112K, reserved 557056K
  class space    used 12526K, committed 12864K, reserved 425984K
}
Event: 31.203 GC heap after
{Heap after GC invocations=34 (full 0):
 garbage-first heap   total 219136K, used 94637K [0x0000000080000000, 0x0000000100000000)
  region size 1024K, 9 young (9216K), 9 survivors (9216K)
 Metaspace       used 89385K, committed 90112K, reserved 557056K
  class space    used 12526K, committed 12864K, reserved 425984K
}
Event: 32.855 GC heap before
{Heap before GC invocations=34 (full 0):
 garbage-first heap   total 219136K, used 182701K [0x0000000080000000, 0x0000000100000000)
  region size 1024K, 91 young (93184K), 9 survivors (9216K)
 Metaspace       used 93958K, committed 94784K, reserved 557056K
  class space    used 13142K, committed 13504K, reserved 425984K
}
Event: 32.869 GC heap after
{Heap after GC invocations=35 (full 0):
 garbage-first heap   total 219136K, used 110159K [0x0000000080000000, 0x0000000100000000)
  region size 1024K, 12 young (12288K), 12 survivors (12288K)
 Metaspace       used 93958K, committed 94784K, reserved 557056K
  class space    used 13142K, committed 13504K, reserved 425984K
}
Event: 34.321 GC heap before
{Heap before GC invocations=35 (full 0):
 garbage-first heap   total 219136K, used 179791K [0x0000000080000000, 0x0000000100000000)
  region size 1024K, 76 young (77824K), 12 survivors (12288K)
 Metaspace       used 94799K, committed 95680K, reserved 557056K
  class space    used 13228K, committed 13632K, reserved 425984K
}
Event: 34.336 GC heap after
{Heap after GC invocations=36 (full 0):
 garbage-first heap   total 219136K, used 129333K [0x0000000080000000, 0x0000000100000000)
  region size 1024K, 10 young (10240K), 10 survivors (10240K)
 Metaspace       used 94799K, committed 95680K, reserved 557056K
  class space    used 13228K, committed 13632K, reserved 425984K
}
Event: 35.121 GC heap before
{Heap before GC invocations=36 (full 0):
 garbage-first heap   total 219136K, used 175413K [0x0000000080000000, 0x0000000100000000)
  region size 1024K, 55 young (56320K), 10 survivors (10240K)
 Metaspace       used 96442K, committed 97344K, reserved 557056K
  class space    used 13439K, committed 13824K, reserved 425984K
}
Event: 35.135 GC heap after
{Heap after GC invocations=37 (full 0):
 garbage-first heap   total 219136K, used 139264K [0x0000000080000000, 0x0000000100000000)
  region size 1024K, 7 young (7168K), 7 survivors (7168K)
 Metaspace       used 96442K, committed 97344K, reserved 557056K
  class space    used 13439K, committed 13824K, reserved 425984K
}
Event: 35.692 GC heap before
{Heap before GC invocations=37 (full 0):
 garbage-first heap   total 219136K, used 179200K [0x0000000080000000, 0x0000000100000000)
  region size 1024K, 46 young (47104K), 7 survivors (7168K)
 Metaspace       used 99905K, committed 100928K, reserved 557056K
  class space    used 13949K, committed 14400K, reserved 425984K
}
Event: 35.700 GC heap after
{Heap after GC invocations=38 (full 0):
 garbage-first heap   total 219136K, used 141824K [0x0000000080000000, 0x0000000100000000)
  region size 1024K, 2 young (2048K), 2 survivors (2048K)
 Metaspace       used 99905K, committed 100928K, reserved 557056K
  class space    used 13949K, committed 14400K, reserved 425984K
}
Event: 36.229 GC heap before
{Heap before GC invocations=38 (full 0):
 garbage-first heap   total 219136K, used 181760K [0x0000000080000000, 0x0000000100000000)
  region size 1024K, 41 young (41984K), 2 survivors (2048K)
 Metaspace       used 101688K, committed 102656K, reserved 557056K
  class space    used 14184K, committed 14592K, reserved 425984K
}
Event: 36.239 GC heap after
{Heap after GC invocations=39 (full 0):
 garbage-first heap   total 219136K, used 145283K [0x0000000080000000, 0x0000000100000000)
  region size 1024K, 6 young (6144K), 6 survivors (6144K)
 Metaspace       used 101688K, committed 102656K, reserved 557056K
  class space    used 14184K, committed 14592K, reserved 425984K
}
Event: 36.924 GC heap before
{Heap before GC invocations=39 (full 0):
 garbage-first heap   total 219136K, used 182147K [0x0000000080000000, 0x0000000100000000)
  region size 1024K, 42 young (43008K), 6 survivors (6144K)
 Metaspace       used 102601K, committed 103552K, reserved 557056K
  class space    used 14289K, committed 14720K, reserved 425984K
}
Event: 36.936 GC heap after
{Heap after GC invocations=40 (full 0):
 garbage-first heap   total 219136K, used 149727K [0x0000000080000000, 0x0000000100000000)
  region size 1024K, 6 young (6144K), 6 survivors (6144K)
 Metaspace       used 102601K, committed 103552K, reserved 557056K
  class space    used 14289K, committed 14720K, reserved 425984K
}
Event: 37.248 GC heap before
{Heap before GC invocations=40 (full 0):
 garbage-first heap   total 219136K, used 183519K [0x0000000080000000, 0x0000000100000000)
  region size 1024K, 39 young (39936K), 6 survivors (6144K)
 Metaspace       used 102916K, committed 103872K, reserved 557056K
  class space    used 14319K, committed 14784K, reserved 425984K
}
Event: 37.259 GC heap after
{Heap after GC invocations=41 (full 0):
 garbage-first heap   total 219136K, used 153212K [0x0000000080000000, 0x0000000100000000)
  region size 1024K, 4 young (4096K), 4 survivors (4096K)
 Metaspace       used 102916K, committed 103872K, reserved 557056K
  class space    used 14319K, committed 14784K, reserved 425984K
}
Event: 37.633 GC heap before
{Heap before GC invocations=41 (full 0):
 garbage-first heap   total 219136K, used 184956K [0x0000000080000000, 0x0000000100000000)
  region size 1024K, 35 young (35840K), 4 survivors (4096K)
 Metaspace       used 103702K, committed 104704K, reserved 557056K
  class space    used 14442K, committed 14912K, reserved 425984K
}
Event: 37.641 GC heap after
{Heap after GC invocations=42 (full 0):
 garbage-first heap   total 263168K, used 156911K [0x0000000080000000, 0x0000000100000000)
  region size 1024K, 4 young (4096K), 4 survivors (4096K)
 Metaspace       used 103702K, committed 104704K, reserved 557056K
  class space    used 14442K, committed 14912K, reserved 425984K
}
Event: 38.377 GC heap before
{Heap before GC invocations=42 (full 0):
 garbage-first heap   total 263168K, used 213231K [0x0000000080000000, 0x0000000100000000)
  region size 1024K, 60 young (61440K), 4 survivors (4096K)
 Metaspace       used 104342K, committed 105344K, reserved 557056K
  class space    used 14504K, committed 14976K, reserved 425984K
}
Event: 38.384 GC heap after
{Heap after GC invocations=43 (full 0):
 garbage-first heap   total 263168K, used 159757K [0x0000000080000000, 0x0000000100000000)
  region size 1024K, 7 young (7168K), 7 survivors (7168K)
 Metaspace       used 104342K, committed 105344K, reserved 557056K
  class space    used 14504K, committed 14976K, reserved 425984K
}

Dll operation events (14 events):
Event: 0.008 Loaded shared library C:\Program Files\Microsoft\jdk-17.0.8.7-hotspot\bin\java.dll
Event: 0.027 Loaded shared library C:\Program Files\Microsoft\jdk-17.0.8.7-hotspot\bin\jsvml.dll
Event: 0.076 Loaded shared library C:\Program Files\Microsoft\jdk-17.0.8.7-hotspot\bin\zip.dll
Event: 0.080 Loaded shared library C:\Program Files\Microsoft\jdk-17.0.8.7-hotspot\bin\instrument.dll
Event: 0.084 Loaded shared library C:\Program Files\Microsoft\jdk-17.0.8.7-hotspot\bin\net.dll
Event: 0.085 Loaded shared library C:\Program Files\Microsoft\jdk-17.0.8.7-hotspot\bin\nio.dll
Event: 0.089 Loaded shared library C:\Program Files\Microsoft\jdk-17.0.8.7-hotspot\bin\zip.dll
Event: 0.306 Loaded shared library C:\Program Files\Microsoft\jdk-17.0.8.7-hotspot\bin\jimage.dll
Event: 0.374 Loaded shared library C:\Program Files\Microsoft\jdk-17.0.8.7-hotspot\bin\verify.dll
Event: 0.529 Loaded shared library C:\Users\rahul\.gradle\native\68d5fa5c4cc2d200863cafc0d521ce42e7d3e7ee720ec0a83991735586a16f82\windows-amd64\native-platform.dll
Event: 0.537 Loaded shared library C:\Users\rahul\.gradle\native\e376f236ea51e6404a007f0833ffe2c6e607c4080706a723a18a27aeea778392\windows-amd64\native-platform-file-events.dll
Event: 1.745 Loaded shared library C:\Program Files\Microsoft\jdk-17.0.8.7-hotspot\bin\management.dll
Event: 1.748 Loaded shared library C:\Program Files\Microsoft\jdk-17.0.8.7-hotspot\bin\management_ext.dll
Event: 2.164 Loaded shared library C:\Program Files\Microsoft\jdk-17.0.8.7-hotspot\bin\sunmscapi.dll

Deoptimization events (20 events):
Event: 38.345 Thread 0x000002287c320850 Uncommon trap: trap_request=0xffffffc6 fr.pc=0x000002286486440c relative=0x00000000000004cc
Event: 38.345 Thread 0x000002287c320850 Uncommon trap: reason=bimorphic_or_optimized_type_check action=maybe_recompile pc=0x000002286486440c method=org.gradle.execution.plan.DefaultFinalizedExecutionPlan.tryLockProjectFor(Lorg/gradle/execution/plan/Node;Ljava/util/List;)Z @ 1 c2
Event: 38.345 Thread 0x000002287c320850 DEOPT PACKING pc=0x000002286486440c sp=0x000000f7b8ffe940
Event: 38.345 Thread 0x000002287c320850 DEOPT UNPACKING pc=0x0000022863fe69a3 sp=0x000000f7b8ffe838 mode 2
Event: 38.346 Thread 0x000002287c320850 Uncommon trap: trap_request=0xffffffc6 fr.pc=0x00000228648659a8 relative=0x0000000000000228
Event: 38.346 Thread 0x000002287c320850 Uncommon trap: reason=bimorphic_or_optimized_type_check action=maybe_recompile pc=0x00000228648659a8 method=org.gradle.execution.plan.DefaultFinalizedExecutionPlan.tryLockProjectFor(Lorg/gradle/execution/plan/Node;Ljava/util/List;)Z @ 1 c2
Event: 38.346 Thread 0x000002287c320850 DEOPT PACKING pc=0x00000228648659a8 sp=0x000000f7b8ffe8d0
Event: 38.346 Thread 0x000002287c320850 DEOPT UNPACKING pc=0x0000022863fe69a3 sp=0x000000f7b8ffe828 mode 2
Event: 38.350 Thread 0x000002287c320850 Uncommon trap: trap_request=0xffffffc6 fr.pc=0x00000228647493ec relative=0x0000000000000d2c
Event: 38.350 Thread 0x000002287c320850 Uncommon trap: reason=bimorphic_or_optimized_type_check action=maybe_recompile pc=0x00000228647493ec method=org.gradle.execution.plan.ActionNode.hasPendingPreExecutionNodes()Z @ 11 c2
Event: 38.350 Thread 0x000002287c320850 DEOPT PACKING pc=0x00000228647493ec sp=0x000000f7b8ffe9d0
Event: 38.350 Thread 0x000002287c320850 DEOPT UNPACKING pc=0x0000022863fe69a3 sp=0x000000f7b8ffe958 mode 2
Event: 38.353 Thread 0x000002287c320850 Uncommon trap: trap_request=0xffffffc6 fr.pc=0x00000228647493ec relative=0x0000000000000d2c
Event: 38.353 Thread 0x000002287c320850 Uncommon trap: reason=bimorphic_or_optimized_type_check action=maybe_recompile pc=0x00000228647493ec method=org.gradle.execution.plan.ActionNode.hasPendingPreExecutionNodes()Z @ 11 c2
Event: 38.353 Thread 0x000002287c320850 DEOPT PACKING pc=0x00000228647493ec sp=0x000000f7b8ffe9d0
Event: 38.353 Thread 0x000002287c320850 DEOPT UNPACKING pc=0x0000022863fe69a3 sp=0x000000f7b8ffe958 mode 2
Event: 38.359 Thread 0x000002287c320850 Uncommon trap: trap_request=0xffffffc6 fr.pc=0x0000022864591a40 relative=0x00000000000000a0
Event: 38.360 Thread 0x000002287c320850 Uncommon trap: reason=bimorphic_or_optimized_type_check action=maybe_recompile pc=0x0000022864591a40 method=org.gradle.execution.plan.ActionNode.hasPendingPreExecutionNodes()Z @ 11 c2
Event: 38.360 Thread 0x000002287c320850 DEOPT PACKING pc=0x0000022864591a40 sp=0x000000f7b8ffe9c0
Event: 38.360 Thread 0x000002287c320850 DEOPT UNPACKING pc=0x0000022863fe69a3 sp=0x000000f7b8ffe950 mode 2

Classes unloaded (0 events):
No events

Classes redefined (0 events):
No events

Internal exceptions (20 events):
Event: 36.767 Thread 0x0000022877f543f0 Exception <a 'java/lang/IncompatibleClassChangeError'{0x000000008bf2d0e0}: Found class java.lang.Object, but interface was expected> (0x000000008bf2d0e0) 
thrown [s\src\hotspot\share\interpreter\linkResolver.cpp, line 826]
Event: 36.859 Thread 0x0000022877f543f0 Exception <a 'sun/nio/fs/WindowsException'{0x000000008b634a40}> (0x000000008b634a40) 
thrown [s\src\hotspot\share\prims\jni.cpp, line 516]
Event: 36.859 Thread 0x0000022877f543f0 Exception <a 'sun/nio/fs/WindowsException'{0x000000008b636080}> (0x000000008b636080) 
thrown [s\src\hotspot\share\prims\jni.cpp, line 516]
Event: 36.859 Thread 0x0000022877f543f0 Exception <a 'sun/nio/fs/WindowsException'{0x000000008b637710}> (0x000000008b637710) 
thrown [s\src\hotspot\share\prims\jni.cpp, line 516]
Event: 36.859 Thread 0x0000022877f543f0 Exception <a 'sun/nio/fs/WindowsException'{0x000000008b638da0}> (0x000000008b638da0) 
thrown [s\src\hotspot\share\prims\jni.cpp, line 516]
Event: 37.497 Thread 0x000002287c324000 Exception <a 'java/lang/NoSuchMethodError'{0x000000008bf5e020}: 'void java.lang.invoke.DirectMethodHandle$Holder.invokeStatic(java.lang.Object, java.lang.Object, java.lang.Object, java.lang.Object, int, java.lang.Object, java.lang.Object)'> (0x000000008bf5e020) 
thrown [s\src\hotspot\share\interpreter\linkResolver.cpp, line 759]
Event: 37.522 Thread 0x000002287ac87fc0 Exception <a 'java/lang/NoSuchMethodError'{0x000000008bee6e00}: 'java.lang.Object java.lang.invoke.DirectMethodHandle$Holder.invokeSpecialIFC(java.lang.Object, java.lang.Object, java.lang.Object)'> (0x000000008bee6e00) 
thrown [s\src\hotspot\share\interpreter\linkResolver.cpp, line 759]
Event: 37.522 Thread 0x000002287c324000 Exception <a 'java/lang/NoSuchMethodError'{0x000000008bed5fe8}: 'java.lang.Object java.lang.invoke.DirectMethodHandle$Holder.invokeSpecialIFC(java.lang.Object, java.lang.Object, java.lang.Object)'> (0x000000008bed5fe8) 
thrown [s\src\hotspot\share\interpreter\linkResolver.cpp, line 759]
Event: 37.522 Thread 0x000002287ac889e0 Exception <a 'java/lang/NoSuchMethodError'{0x000000008bd09068}: 'java.lang.Object java.lang.invoke.DirectMethodHandle$Holder.invokeSpecialIFC(java.lang.Object, java.lang.Object, java.lang.Object)'> (0x000000008bd09068) 
thrown [s\src\hotspot\share\interpreter\linkResolver.cpp, line 759]
Event: 37.522 Thread 0x000002287ac86160 Exception <a 'java/lang/NoSuchMethodError'{0x000000008bef7958}: 'java.lang.Object java.lang.invoke.DirectMethodHandle$Holder.invokeSpecialIFC(java.lang.Object, java.lang.Object, java.lang.Object)'> (0x000000008bef7958) 
thrown [s\src\hotspot\share\interpreter\linkResolver.cpp, line 759]
Event: 37.630 Thread 0x000002287ac889e0 Exception <a 'java/lang/NoSuchMethodError'{0x000000008b7713e8}: 'void java.lang.invoke.DirectMethodHandle$Holder.invokeVirtual(java.lang.Object, java.lang.Object)'> (0x000000008b7713e8) 
thrown [s\src\hotspot\share\interpreter\linkResolver.cpp, line 759]
Event: 37.630 Thread 0x000002287ac86160 Exception <a 'java/lang/NoSuchMethodError'{0x000000008b7185d8}: 'void java.lang.invoke.DirectMethodHandle$Holder.invokeVirtual(java.lang.Object, java.lang.Object)'> (0x000000008b7185d8) 
thrown [s\src\hotspot\share\interpreter\linkResolver.cpp, line 759]
Event: 37.864 Thread 0x000002287c321c90 Implicit null exception at 0x0000022864b40b54 to 0x0000022864b40bb4
Event: 38.272 Thread 0x000002287c320850 Exception <a 'java/lang/ClassNotFoundException'{0x000000008cefa540}: groovy/util/FileTreeBuilderBeanInfo> (0x000000008cefa540) 
thrown [s\src\hotspot\share\classfile\systemDictionary.cpp, line 256]
Event: 38.273 Thread 0x000002287c320850 Exception <a 'java/lang/ClassNotFoundException'{0x000000008cd5e738}: groovy/util/FileTreeBuilderCustomizer> (0x000000008cd5e738) 
thrown [s\src\hotspot\share\classfile\systemDictionary.cpp, line 256]
Event: 38.284 Thread 0x000002287c320850 Exception <a 'java/lang/ClassNotFoundException'{0x000000008cda2f28}: java/io/BufferedWriterBeanInfo> (0x000000008cda2f28) 
thrown [s\src\hotspot\share\classfile\systemDictionary.cpp, line 256]
Event: 38.285 Thread 0x000002287c320850 Exception <a 'java/lang/ClassNotFoundException'{0x000000008cda88a8}: java/io/WriterBeanInfo> (0x000000008cda88a8) 
thrown [s\src\hotspot\share\classfile\systemDictionary.cpp, line 256]
Event: 38.285 Thread 0x000002287c320850 Exception <a 'java/lang/ClassNotFoundException'{0x000000008cdadfb0}: java/io/WriterCustomizer> (0x000000008cdadfb0) 
thrown [s\src\hotspot\share\classfile\systemDictionary.cpp, line 256]
Event: 38.285 Thread 0x000002287c320850 Exception <a 'java/lang/ClassNotFoundException'{0x000000008cdbcab0}: java/io/BufferedWriterCustomizer> (0x000000008cdbcab0) 
thrown [s\src\hotspot\share\classfile\systemDictionary.cpp, line 256]
Event: 38.331 Thread 0x000002287c320850 Exception <a 'java/lang/NoSuchMethodError'{0x000000008cc59e88}: static Lcom/android/build/api/variant/BuildConfigField;.<clinit>()V> (0x000000008cc59e88) 
thrown [s\src\hotspot\share\prims\jni.cpp, line 1107]

VM Operations (20 events):
Event: 37.504 Executing VM operation: HandshakeAllThreads
Event: 37.504 Executing VM operation: HandshakeAllThreads done
Event: 37.536 Executing VM operation: HandshakeAllThreads
Event: 37.536 Executing VM operation: HandshakeAllThreads done
Event: 37.538 Executing VM operation: HandshakeAllThreads
Event: 37.538 Executing VM operation: HandshakeAllThreads done
Event: 37.566 Executing VM operation: ICBufferFull
Event: 37.566 Executing VM operation: ICBufferFull done
Event: 37.633 Executing VM operation: G1CollectForAllocation
Event: 37.642 Executing VM operation: G1CollectForAllocation done
Event: 38.002 Executing VM operation: ICBufferFull
Event: 38.002 Executing VM operation: ICBufferFull done
Event: 38.277 Executing VM operation: HandshakeAllThreads
Event: 38.277 Executing VM operation: HandshakeAllThreads done
Event: 38.279 Executing VM operation: HandshakeAllThreads
Event: 38.279 Executing VM operation: HandshakeAllThreads done
Event: 38.334 Executing VM operation: ICBufferFull
Event: 38.334 Executing VM operation: ICBufferFull done
Event: 38.377 Executing VM operation: G1CollectForAllocation
Event: 38.384 Executing VM operation: G1CollectForAllocation done

Events (20 events):
Event: 38.112 Thread 0x000002287dbae970 Thread added: 0x000002287dbae970
Event: 38.112 Thread 0x000002287dbaee80 Thread added: 0x000002287dbaee80
Event: 38.112 Thread 0x000002287dbb07d0 Thread added: 0x000002287dbb07d0
Event: 38.248 Thread 0x000002287ef2c6b0 Thread added: 0x000002287ef2c6b0
Event: 38.284 loading class java/io/BufferedWriterBeanInfo
Event: 38.284 loading class java/io/BufferedWriterBeanInfo done
Event: 38.284 loading class java/io/BufferedWriterBeanInfo
Event: 38.284 loading class java/io/BufferedWriterBeanInfo done
Event: 38.284 loading class java/io/WriterBeanInfo
Event: 38.284 loading class java/io/WriterBeanInfo done
Event: 38.284 loading class java/io/WriterBeanInfo
Event: 38.284 loading class java/io/WriterBeanInfo done
Event: 38.285 loading class java/io/WriterCustomizer
Event: 38.285 loading class java/io/WriterCustomizer done
Event: 38.285 loading class java/io/WriterCustomizer
Event: 38.285 loading class java/io/WriterCustomizer done
Event: 38.285 loading class java/io/BufferedWriterCustomizer
Event: 38.285 loading class java/io/BufferedWriterCustomizer done
Event: 38.285 loading class java/io/BufferedWriterCustomizer
Event: 38.285 loading class java/io/BufferedWriterCustomizer done


Dynamic libraries:
0x00007ff79c520000 - 0x00007ff79c52e000 	C:\Program Files\Microsoft\jdk-17.0.8.7-hotspot\bin\java.exe
0x00007ffb39dc0000 - 0x00007ffb39fc9000 	C:\Windows\SYSTEM32\ntdll.dll
0x00007ffb38520000 - 0x00007ffb385dd000 	C:\Windows\System32\KERNEL32.DLL
0x00007ffb37760000 - 0x00007ffb37ae4000 	C:\Windows\System32\KERNELBASE.dll
0x00007ffb373b0000 - 0x00007ffb374c1000 	C:\Windows\System32\ucrtbase.dll
0x00007ffb2ac30000 - 0x00007ffb2ac4b000 	C:\Program Files\Microsoft\jdk-17.0.8.7-hotspot\bin\VCRUNTIME140.dll
0x00007ffb2ac50000 - 0x00007ffb2ac67000 	C:\Program Files\Microsoft\jdk-17.0.8.7-hotspot\bin\jli.dll
0x00007ffb38370000 - 0x00007ffb3851d000 	C:\Windows\System32\USER32.dll
0x00007ffb37730000 - 0x00007ffb37756000 	C:\Windows\System32\win32u.dll
0x00007ffb1ccb0000 - 0x00007ffb1cf55000 	C:\Windows\WinSxS\amd64_microsoft.windows.common-controls_6595b64144ccf1df_6.0.22000.120_none_9d947278b86cc467\COMCTL32.dll
0x00007ffb37fc0000 - 0x00007ffb37fea000 	C:\Windows\System32\GDI32.dll
0x00007ffb37c10000 - 0x00007ffb37cb3000 	C:\Windows\System32\msvcrt.dll
0x00007ffb37af0000 - 0x00007ffb37c0e000 	C:\Windows\System32\gdi32full.dll
0x00007ffb37310000 - 0x00007ffb373ad000 	C:\Windows\System32\msvcp_win.dll
0x00007ffb387b0000 - 0x00007ffb387e1000 	C:\Windows\System32\IMM32.DLL
0x00007ffb2acb0000 - 0x00007ffb2acbc000 	C:\Program Files\Microsoft\jdk-17.0.8.7-hotspot\bin\vcruntime140_1.dll
0x00007ffae03a0000 - 0x00007ffae042d000 	C:\Program Files\Microsoft\jdk-17.0.8.7-hotspot\bin\msvcp140.dll
0x00007ffabc0c0000 - 0x00007ffabcd25000 	C:\Program Files\Microsoft\jdk-17.0.8.7-hotspot\bin\server\jvm.dll
0x00007ffb39440000 - 0x00007ffb394ee000 	C:\Windows\System32\ADVAPI32.dll
0x00007ffb388c0000 - 0x00007ffb3895e000 	C:\Windows\System32\sechost.dll
0x00007ffb37da0000 - 0x00007ffb37ec1000 	C:\Windows\System32\RPCRT4.dll
0x00007ffb37120000 - 0x00007ffb3716d000 	C:\Windows\SYSTEM32\POWRPROF.dll
0x00007ffb2ac00000 - 0x00007ffb2ac09000 	C:\Windows\SYSTEM32\WSOCK32.dll
0x00007ffb37cc0000 - 0x00007ffb37d2f000 	C:\Windows\System32\WS2_32.dll
0x00007ffb2d960000 - 0x00007ffb2d993000 	C:\Windows\SYSTEM32\WINMM.dll
0x00007ffb2b250000 - 0x00007ffb2b25a000 	C:\Windows\SYSTEM32\VERSION.dll
0x00007ffb37100000 - 0x00007ffb37113000 	C:\Windows\SYSTEM32\UMPDC.dll
0x00007ffb362a0000 - 0x00007ffb362b8000 	C:\Windows\SYSTEM32\kernel.appcore.dll
0x00007ffb217e0000 - 0x00007ffb217ea000 	C:\Program Files\Microsoft\jdk-17.0.8.7-hotspot\bin\jimage.dll
0x00007ffb2a570000 - 0x00007ffb2a791000 	C:\Windows\SYSTEM32\DBGHELP.DLL
0x00007ffb2a280000 - 0x00007ffb2a2b1000 	C:\Windows\SYSTEM32\dbgcore.DLL
0x00007ffb374d0000 - 0x00007ffb3754f000 	C:\Windows\System32\bcryptPrimitives.dll
0x00007ffb05fd0000 - 0x00007ffb05fde000 	C:\Program Files\Microsoft\jdk-17.0.8.7-hotspot\bin\instrument.dll
0x00007ffb217b0000 - 0x00007ffb217d5000 	C:\Program Files\Microsoft\jdk-17.0.8.7-hotspot\bin\java.dll
0x00007ffacdc00000 - 0x00007ffacdcd7000 	C:\Program Files\Microsoft\jdk-17.0.8.7-hotspot\bin\jsvml.dll
0x00007ffb38a80000 - 0x00007ffb39245000 	C:\Windows\System32\SHELL32.dll
0x00007ffb35300000 - 0x00007ffb35b62000 	C:\Windows\SYSTEM32\windows.storage.dll
0x00007ffb394f0000 - 0x00007ffb39866000 	C:\Windows\System32\combase.dll
0x00007ffb35190000 - 0x00007ffb352f7000 	C:\Windows\SYSTEM32\wintypes.dll
0x00007ffb37ed0000 - 0x00007ffb37fba000 	C:\Windows\System32\SHCORE.dll
0x00007ffb39250000 - 0x00007ffb392ad000 	C:\Windows\System32\shlwapi.dll
0x00007ffb37180000 - 0x00007ffb371a5000 	C:\Windows\SYSTEM32\profapi.dll
0x00007ffaea510000 - 0x00007ffaea528000 	C:\Program Files\Microsoft\jdk-17.0.8.7-hotspot\bin\zip.dll
0x00007ffafc7c0000 - 0x00007ffafc7d9000 	C:\Program Files\Microsoft\jdk-17.0.8.7-hotspot\bin\net.dll
0x00007ffb32760000 - 0x00007ffb32874000 	C:\Windows\SYSTEM32\WINHTTP.dll
0x00007ffb36750000 - 0x00007ffb367b7000 	C:\Windows\system32\mswsock.dll
0x00007ffaec110000 - 0x00007ffaec126000 	C:\Program Files\Microsoft\jdk-17.0.8.7-hotspot\bin\nio.dll
0x00007ffb217a0000 - 0x00007ffb217b0000 	C:\Program Files\Microsoft\jdk-17.0.8.7-hotspot\bin\verify.dll
0x00007ffac6660000 - 0x00007ffac6687000 	C:\Users\rahul\.gradle\native\68d5fa5c4cc2d200863cafc0d521ce42e7d3e7ee720ec0a83991735586a16f82\windows-amd64\native-platform.dll
0x00007ffabbf70000 - 0x00007ffabc0b4000 	C:\Users\rahul\.gradle\native\e376f236ea51e6404a007f0833ffe2c6e607c4080706a723a18a27aeea778392\windows-amd64\native-platform-file-events.dll
0x00007ffb1fe90000 - 0x00007ffb1fe99000 	C:\Program Files\Microsoft\jdk-17.0.8.7-hotspot\bin\management.dll
0x00007ffb1fde0000 - 0x00007ffb1fdeb000 	C:\Program Files\Microsoft\jdk-17.0.8.7-hotspot\bin\management_ext.dll
0x00007ffb39cf0000 - 0x00007ffb39cf8000 	C:\Windows\System32\PSAPI.DLL
0x00007ffb369a0000 - 0x00007ffb369b8000 	C:\Windows\SYSTEM32\CRYPTSP.dll
0x00007ffb36200000 - 0x00007ffb36235000 	C:\Windows\system32\rsaenh.dll
0x00007ffb36840000 - 0x00007ffb3686c000 	C:\Windows\SYSTEM32\USERENV.dll
0x00007ffb36c20000 - 0x00007ffb36c47000 	C:\Windows\SYSTEM32\bcrypt.dll
0x00007ffb36990000 - 0x00007ffb3699c000 	C:\Windows\SYSTEM32\CRYPTBASE.dll
0x00007ffb35dc0000 - 0x00007ffb35ded000 	C:\Windows\SYSTEM32\IPHLPAPI.DLL
0x00007ffb387a0000 - 0x00007ffb387a9000 	C:\Windows\System32\NSI.dll
0x00007ffb32710000 - 0x00007ffb32729000 	C:\Windows\SYSTEM32\dhcpcsvc6.DLL
0x00007ffb32c50000 - 0x00007ffb32c6e000 	C:\Windows\SYSTEM32\dhcpcsvc.DLL
0x00007ffb35df0000 - 0x00007ffb35ed7000 	C:\Windows\SYSTEM32\DNSAPI.dll
0x00007ffb05fc0000 - 0x00007ffb05fce000 	C:\Program Files\Microsoft\jdk-17.0.8.7-hotspot\bin\sunmscapi.dll
0x00007ffb375c0000 - 0x00007ffb37722000 	C:\Windows\System32\CRYPT32.dll
0x00007ffb36bf0000 - 0x00007ffb36c18000 	C:\Windows\SYSTEM32\ncrypt.dll
0x00007ffb36bb0000 - 0x00007ffb36be7000 	C:\Windows\SYSTEM32\NTASN1.dll
0x00007ffb05c30000 - 0x00007ffb05c38000 	C:\Windows\system32\wshunix.dll
0x00007ffb30b50000 - 0x00007ffb30b5a000 	C:\Windows\System32\rasadhlp.dll
0x00007ffb31850000 - 0x00007ffb318d1000 	C:\Windows\System32\fwpuclnt.dll
0x00007ffb26230000 - 0x00007ffb26247000 	C:\Windows\system32\napinsp.dll
0x00007ffb26210000 - 0x00007ffb2622b000 	C:\Windows\system32\pnrpnsp.dll
0x00007ffb261f0000 - 0x00007ffb26202000 	C:\Windows\System32\winrnr.dll
0x00007ffb261d0000 - 0x00007ffb261e5000 	C:\Windows\system32\wshbth.dll
0x00007ffb261b0000 - 0x00007ffb261cf000 	C:\Windows\system32\nlansp_c.dll

dbghelp: loaded successfully - version: 4.0.5 - missing functions: none
symbol engine: initialized successfully - sym options: 0x614 - pdb path: .;C:\Program Files\Microsoft\jdk-17.0.8.7-hotspot\bin;C:\Windows\SYSTEM32;C:\Windows\WinSxS\amd64_microsoft.windows.common-controls_6595b64144ccf1df_6.0.22000.120_none_9d947278b86cc467;C:\Program Files\Microsoft\jdk-17.0.8.7-hotspot\bin\server;C:\Users\rahul\.gradle\native\68d5fa5c4cc2d200863cafc0d521ce42e7d3e7ee720ec0a83991735586a16f82\windows-amd64;C:\Users\rahul\.gradle\native\e376f236ea51e6404a007f0833ffe2c6e607c4080706a723a18a27aeea778392\windows-amd64

VM Arguments:
jvm_args: -XX:MaxMetaspaceSize=512m --add-opens=java.base/java.util=ALL-UNNAMED --add-opens=java.base/java.lang=ALL-UNNAMED --add-opens=java.base/java.lang.invoke=ALL-UNNAMED --add-opens=java.prefs/java.util.prefs=ALL-UNNAMED --add-opens=java.base/java.nio.charset=ALL-UNNAMED --add-opens=java.base/java.net=ALL-UNNAMED --add-opens=java.base/java.util.concurrent.atomic=ALL-UNNAMED -Xmx2048m -Dfile.encoding=windows-1252 -Duser.country=IN -Duser.language=en -Duser.variant -javaagent:C:\Users\rahul\.gradle\wrapper\dists\gradle-8.3-all\6en3ugtfdg5xnpx44z4qbwgas\gradle-8.3\lib\agents\gradle-instrumentation-agent-8.3.jar 
java_command: org.gradle.launcher.daemon.bootstrap.GradleDaemon 8.3
java_class_path (initial): C:\Users\rahul\.gradle\wrapper\dists\gradle-8.3-all\6en3ugtfdg5xnpx44z4qbwgas\gradle-8.3\lib\gradle-launcher-8.3.jar
Launcher Type: SUN_STANDARD

[Global flags]
     intx CICompilerCount                          = 3                                         {product} {ergonomic}
   size_t CompressedClassSpaceSize                 = 436207616                                 {product} {ergonomic}
     uint ConcGCThreads                            = 1                                         {product} {ergonomic}
     uint G1ConcRefinementThreads                  = 4                                         {product} {ergonomic}
   size_t G1HeapRegionSize                         = 1048576                                   {product} {ergonomic}
    uintx GCDrainStackTargetSize                   = 64                                        {product} {ergonomic}
   size_t InitialHeapSize                          = 266338304                                 {product} {ergonomic}
   size_t MarkStackSize                            = 4194304                                   {product} {ergonomic}
   size_t MaxHeapSize                              = 2147483648                                {product} {command line}
   size_t MaxMetaspaceSize                         = 536870912                                 {product} {command line}
   size_t MaxNewSize                               = 1287651328                                {product} {ergonomic}
   size_t MinHeapDeltaBytes                        = 1048576                                   {product} {ergonomic}
   size_t MinHeapSize                              = 8388608                                   {product} {ergonomic}
    uintx NonNMethodCodeHeapSize                   = 5832780                                {pd product} {ergonomic}
    uintx NonProfiledCodeHeapSize                  = 122912730                              {pd product} {ergonomic}
    uintx ProfiledCodeHeapSize                     = 122912730                              {pd product} {ergonomic}
    uintx ReservedCodeCacheSize                    = 251658240                              {pd product} {ergonomic}
     bool SegmentedCodeCache                       = true                                      {product} {ergonomic}
   size_t SoftMaxHeapSize                          = 2147483648                             {manageable} {ergonomic}
     bool UseCompressedClassPointers               = true                           {product lp64_product} {ergonomic}
     bool UseCompressedOops                        = true                           {product lp64_product} {ergonomic}
     bool UseG1GC                                  = true                                      {product} {ergonomic}
     bool UseLargePagesIndividualAllocation        = false                                  {pd product} {ergonomic}

Logging:
Log output configuration:
 #0: stdout all=warning uptime,level,tags
 #1: stderr all=off uptime,level,tags

Environment Variables:
JAVA_HOME=C:\Program Files\Microsoft\jdk-17.0.8.7-hotspot\
CLASSPATH=C:\Users\rahul\Desktop\amazonClone\clients\android\\gradle\wrapper\gradle-wrapper.jar
PATH=C:\Users\rahul\Desktop\amazonClone\clients\node_modules\.bin;C:\Users\rahul\Desktop\amazonClone\clients\node_modules\.bin;C:\Users\rahul\Desktop\amazonClone\node_modules\.bin;C:\Users\rahul\Desktop\node_modules\.bin;C:\Users\rahul\node_modules\.bin;C:\Users\node_modules\.bin;C:\node_modules\.bin;C:\Program Files\nodejs\node_modules\npm\node_modules\@npmcli\run-script\lib\node-gyp-bin;C:\Program Files\Microsoft\jdk-17.0.8.7-hotspot\bin;C:\Python312\Scripts\;C:\Python312\;C:\Windows\system32;C:\Windows;C:\Windows\System32\Wbem;C:\Windows\System32\WindowsPowerShell\v1.0\;C:\Windows\System32\OpenSSH\;C:\ProgramData\chocolatey\bin;C:\Program Files\Git\cmd;C:\Program Files\mongosh;C:\Users\rahul\AppData\Local\Android\Sdk;C:\Users\rahul\AppData\Local\Android\Sdk\tools;C:\Users\rahul\AppData\Local\Android\Sdk\emulator;C:\Users\rahul\AppData\Local\Android\Sdk\platform-tools;C:\Users\rahul\AppData\Local\Android\Sdk\tools\bin;C:\Program Files\nodejs\;C:\Users\rahul\AppData\Local\Programs\Python\Python311\Scripts\;C:\Users\rahul\AppData\Local\Programs\Python\Python311\;C:\Users\rahul\AppData\Local\Microsoft\WindowsApps;C:\Users\rahul\AppData\Local\Programs\Microsoft VS Code\bin;C:\Program Files\JetBrains\PyCharm Community Edition 2023.1.4\bin;;C:\Program Files\mongosh\;C:\Users\rahul\AppData\Local\Android\Sdk;C:\Users\rahul\AppData\Local\Android\Sdk\platform-tools;C:\Users\rahul\AppData\Local\Android\Sdk\emulator;C:\Users\rahul\AppData\Local\Android\Sdk\tools;C:\Users\rahul\AppData\Local\Android\Sdk\tools\bin;C:\Users\rahul\AppData\Roaming\npm;C:\Program Files\Microsoft\jdk-17.0.8.7-hotspot\bin;
USERNAME=rahul
OS=Windows_NT
PROCESSOR_IDENTIFIER=Intel64 Family 6 Model 60 Stepping 3, GenuineIntel
TMP=C:\Users\rahul\AppData\Local\Temp
TEMP=C:\Users\rahul\AppData\Local\Temp



---------------  S Y S T E M  ---------------

OS:
 Windows 11 , 64 bit Build 22000 (10.0.22000.2538)
OS uptime: 0 days 7:24 hours
Hyper-V role detected

CPU: total 4 (initial active 4) (4 cores per cpu, 1 threads per core) family 6 model 60 stepping 3 microcode 0x28, cx8, cmov, fxsr, mmx, sse, sse2, sse3, ssse3, sse4.1, sse4.2, popcnt, lzcnt, tsc, tscinvbit, avx, avx2, aes, erms, clmul, bmi1, bmi2, fma, vzeroupper, clflush, hv
Processor Information for all 4 processors :
  Max Mhz: 3201, Current Mhz: 3201, Mhz Limit: 3201

Memory: 4k page, system-wide physical 16177M (2778M free)
TotalPageFile size 18609M (AvailPageFile size 4027M)
current process WorkingSet (physical memory assigned to process): 558M, peak: 559M
current process commit charge ("private bytes"): 599M, peak: 601M

vm_info: OpenJDK 64-Bit Server VM (17.0.8+7-LTS) for windows-amd64 JRE (17.0.8+7-LTS), built on Jul  7 2023 17:21:55 by "MicrosoftCorporation" with MS VC++ 16.10 / 16.11 (VS2019)

END.
